{"C:\\Users\\Hp\\Documents\\POS\\POS\\packages\\frontend\\src\\components\\Cart.tsx": {"path":"C:\\Users\\Hp\\Documents\\POS\\POS\\packages\\frontend\\src\\components\\Cart.tsx","statementMap":{"0":{"start":{"line":19,"column":0},"end":{"line":19,"column":24}},"1":{"start":{"line":1,"column":0},"end":{"line":1,"column":40}},"2":{"start":{"line":2,"column":0},"end":{"line":2,"column":47}},"3":{"start":{"line":3,"column":0},"end":{"line":3,"column":42}},"4":{"start":{"line":4,"column":0},"end":{"line":4,"column":47}},"5":{"start":{"line":5,"column":0},"end":{"line":5,"column":51}},"6":{"start":{"line":6,"column":0},"end":{"line":6,"column":28}},"7":{"start":{"line":7,"column":0},"end":{"line":7,"column":94}},"8":{"start":{"line":8,"column":0},"end":{"line":8,"column":129}},"9":{"start":{"line":20,"column":76},"end":{"line":20,"column":84}},"10":{"start":{"line":21,"column":34},"end":{"line":21,"column":65}},"11":{"start":{"line":22,"column":28},"end":{"line":22,"column":40}},"12":{"start":{"line":23,"column":36},"end":{"line":23,"column":51}},"13":{"start":{"line":24,"column":56},"end":{"line":24,"column":71}},"14":{"start":{"line":25,"column":30},"end":{"line":25,"column":69}},"15":{"start":{"line":26,"column":54},"end":{"line":26,"column":69}},"16":{"start":{"line":27,"column":40},"end":{"line":32,"column":4}},"17":{"start":{"line":33,"column":19},"end":{"line":33,"column":32}},"18":{"start":{"line":34,"column":24},"end":{"line":34,"column":34}},"19":{"start":{"line":36,"column":31},"end":{"line":66,"column":3}},"20":{"start":{"line":38,"column":28},"end":{"line":38,"column":48}},"21":{"start":{"line":39,"column":4},"end":{"line":43,"column":5}},"22":{"start":{"line":40,"column":6},"end":{"line":40,"column":76}},"23":{"start":{"line":41,"column":6},"end":{"line":41,"column":74}},"24":{"start":{"line":42,"column":6},"end":{"line":42,"column":13}},"25":{"start":{"line":45,"column":4},"end":{"line":45,"column":18}},"26":{"start":{"line":46,"column":4},"end":{"line":46,"column":23}},"27":{"start":{"line":47,"column":4},"end":{"line":65,"column":5}},"28":{"start":{"line":48,"column":23},"end":{"line":48,"column":55}},"29":{"start":{"line":49,"column":6},"end":{"line":58,"column":7}},"30":{"start":{"line":50,"column":8},"end":{"line":50,"column":39}},"31":{"start":{"line":51,"column":8},"end":{"line":51,"column":38}},"32":{"start":{"line":52,"column":8},"end":{"line":52,"column":48}},"33":{"start":{"line":55,"column":8},"end":{"line":55,"column":26}},"34":{"start":{"line":56,"column":8},"end":{"line":56,"column":37}},"35":{"start":{"line":57,"column":8},"end":{"line":57,"column":66}},"36":{"start":{"line":60,"column":6},"end":{"line":60,"column":45}},"37":{"start":{"line":61,"column":6},"end":{"line":61,"column":35}},"38":{"start":{"line":62,"column":6},"end":{"line":62,"column":61}},"39":{"start":{"line":64,"column":6},"end":{"line":64,"column":26}},"40":{"start":{"line":68,"column":31},"end":{"line":111,"column":3}},"41":{"start":{"line":70,"column":49},"end":{"line":70,"column":51}},"42":{"start":{"line":72,"column":32},"end":{"line":72,"column":85}},"43":{"start":{"line":73,"column":4},"end":{"line":75,"column":5}},"44":{"start":{"line":74,"column":6},"end":{"line":74,"column":55}},"45":{"start":{"line":77,"column":28},"end":{"line":77,"column":48}},"46":{"start":{"line":78,"column":4},"end":{"line":80,"column":5}},"47":{"start":{"line":79,"column":6},"end":{"line":79,"column":47}},"48":{"start":{"line":82,"column":4},"end":{"line":87,"column":5}},"49":{"start":{"line":83,"column":30},"end":{"line":83,"column":62}},"50":{"start":{"line":84,"column":6},"end":{"line":86,"column":7}},"51":{"start":{"line":85,"column":8},"end":{"line":85,"column":49}},"52":{"start":{"line":89,"column":4},"end":{"line":93,"column":5}},"53":{"start":{"line":90,"column":6},"end":{"line":90,"column":27}},"54":{"start":{"line":91,"column":6},"end":{"line":91,"column":50}},"55":{"start":{"line":92,"column":6},"end":{"line":92,"column":13}},"56":{"start":{"line":95,"column":4},"end":{"line":95,"column":18}},"57":{"start":{"line":96,"column":4},"end":{"line":110,"column":5}},"58":{"start":{"line":97,"column":23},"end":{"line":100,"column":8}},"59":{"start":{"line":101,"column":6},"end":{"line":106,"column":7}},"60":{"start":{"line":102,"column":8},"end":{"line":102,"column":39}},"61":{"start":{"line":103,"column":8},"end":{"line":103,"column":38}},"62":{"start":{"line":104,"column":8},"end":{"line":104,"column":84}},"63":{"start":{"line":105,"column":8},"end":{"line":105,"column":66}},"64":{"start":{"line":108,"column":6},"end":{"line":108,"column":57}},"65":{"start":{"line":109,"column":6},"end":{"line":109,"column":54}},"66":{"start":{"line":113,"column":25},"end":{"line":124,"column":3}},"67":{"start":{"line":114,"column":4},"end":{"line":117,"column":5}},"68":{"start":{"line":115,"column":6},"end":{"line":115,"column":72}},"69":{"start":{"line":116,"column":6},"end":{"line":116,"column":13}},"70":{"start":{"line":118,"column":4},"end":{"line":121,"column":5}},"71":{"start":{"line":119,"column":6},"end":{"line":119,"column":44}},"72":{"start":{"line":120,"column":6},"end":{"line":120,"column":13}},"73":{"start":{"line":123,"column":4},"end":{"line":123,"column":51}},"74":{"start":{"line":126,"column":26},"end":{"line":130,"column":3}},"75":{"start":{"line":127,"column":4},"end":{"line":127,"column":16}},"76":{"start":{"line":128,"column":4},"end":{"line":128,"column":33}},"77":{"start":{"line":129,"column":4},"end":{"line":129,"column":41}},"78":{"start":{"line":132,"column":19},"end":{"line":132,"column":33}},"79":{"start":{"line":135,"column":23},"end":{"line":135,"column":105}},"80":{"start":{"line":136,"column":19},"end":{"line":136,"column":42}},"81":{"start":{"line":137,"column":24},"end":{"line":137,"column":43}},"82":{"start":{"line":138,"column":14},"end":{"line":138,"column":38}},"83":{"start":{"line":139,"column":16},"end":{"line":139,"column":35}},"84":{"start":{"line":140,"column":20},"end":{"line":140,"column":74}},"85":{"start":{"line":140,"column":49},"end":{"line":140,"column":70}},"86":{"start":{"line":141,"column":23},"end":{"line":141,"column":96}},"87":{"start":{"line":143,"column":2},"end":{"line":579,"column":4}},"88":{"start":{"line":173,"column":14},"end":{"line":173,"column":40}},"89":{"start":{"line":201,"column":37},"end":{"line":201,"column":86}},"90":{"start":{"line":221,"column":37},"end":{"line":221,"column":86}},"91":{"start":{"line":238,"column":37},"end":{"line":238,"column":67}},"92":{"start":{"line":275,"column":22},"end":{"line":275,"column":47}},"93":{"start":{"line":276,"column":22},"end":{"line":278,"column":23}},"94":{"start":{"line":277,"column":24},"end":{"line":277,"column":60}},"95":{"start":{"line":329,"column":24},"end":{"line":329,"column":86}},"96":{"start":{"line":330,"column":24},"end":{"line":332,"column":25}},"97":{"start":{"line":331,"column":26},"end":{"line":331,"column":66}},"98":{"start":{"line":353,"column":37},"end":{"line":353,"column":97}},"99":{"start":{"line":370,"column":24},"end":{"line":370,"column":82}},"100":{"start":{"line":371,"column":24},"end":{"line":373,"column":25}},"101":{"start":{"line":372,"column":26},"end":{"line":372,"column":62}},"102":{"start":{"line":394,"column":39},"end":{"line":394,"column":101}},"103":{"start":{"line":448,"column":20},"end":{"line":448,"column":38}},"104":{"start":{"line":449,"column":20},"end":{"line":449,"column":33}},"105":{"start":{"line":450,"column":20},"end":{"line":450,"column":50}},"106":{"start":{"line":549,"column":27},"end":{"line":549,"column":54}},"107":{"start":{"line":570,"column":23},"end":{"line":570,"column":51}}},"fnMap":{"0":{"name":"Cart","decl":{"start":{"line":19,"column":24},"end":{"line":19,"column":28}},"loc":{"start":{"line":19,"column":28},"end":{"line":580,"column":1}}},"1":{"name":"(anonymous_2)","decl":{"start":{"line":36,"column":31},"end":{"line":36,"column":36}},"loc":{"start":{"line":36,"column":42},"end":{"line":66,"column":3}}},"2":{"name":"(anonymous_3)","decl":{"start":{"line":68,"column":31},"end":{"line":68,"column":36}},"loc":{"start":{"line":68,"column":42},"end":{"line":111,"column":3}}},"3":{"name":"(anonymous_4)","decl":{"start":{"line":113,"column":25},"end":{"line":113,"column":28}},"loc":{"start":{"line":113,"column":30},"end":{"line":124,"column":3}}},"4":{"name":"(anonymous_5)","decl":{"start":{"line":126,"column":26},"end":{"line":126,"column":29}},"loc":{"start":{"line":126,"column":31},"end":{"line":130,"column":3}}},"5":{"name":"(anonymous_6)","decl":{"start":{"line":140,"column":32},"end":{"line":140,"column":33}},"loc":{"start":{"line":140,"column":49},"end":{"line":140,"column":70}}},"6":{"name":"(anonymous_7)","decl":{"start":{"line":172,"column":22},"end":{"line":172,"column":23}},"loc":{"start":{"line":173,"column":14},"end":{"line":173,"column":40}}},"7":{"name":"(anonymous_8)","decl":{"start":{"line":201,"column":31},"end":{"line":201,"column":34}},"loc":{"start":{"line":201,"column":37},"end":{"line":201,"column":86}}},"8":{"name":"(anonymous_9)","decl":{"start":{"line":221,"column":31},"end":{"line":221,"column":34}},"loc":{"start":{"line":221,"column":37},"end":{"line":221,"column":86}}},"9":{"name":"(anonymous_10)","decl":{"start":{"line":238,"column":31},"end":{"line":238,"column":34}},"loc":{"start":{"line":238,"column":37},"end":{"line":238,"column":67}}},"10":{"name":"(anonymous_11)","decl":{"start":{"line":274,"column":30},"end":{"line":274,"column":31}},"loc":{"start":{"line":274,"column":36},"end":{"line":279,"column":21}}},"11":{"name":"(anonymous_12)","decl":{"start":{"line":328,"column":32},"end":{"line":328,"column":33}},"loc":{"start":{"line":328,"column":38},"end":{"line":333,"column":23}}},"12":{"name":"(anonymous_13)","decl":{"start":{"line":353,"column":30},"end":{"line":353,"column":31}},"loc":{"start":{"line":353,"column":37},"end":{"line":353,"column":97}}},"13":{"name":"(anonymous_14)","decl":{"start":{"line":369,"column":32},"end":{"line":369,"column":33}},"loc":{"start":{"line":369,"column":38},"end":{"line":374,"column":23}}},"14":{"name":"(anonymous_15)","decl":{"start":{"line":394,"column":32},"end":{"line":394,"column":33}},"loc":{"start":{"line":394,"column":39},"end":{"line":394,"column":101}}},"15":{"name":"(anonymous_16)","decl":{"start":{"line":447,"column":27},"end":{"line":447,"column":30}},"loc":{"start":{"line":447,"column":32},"end":{"line":451,"column":19}}},"16":{"name":"(anonymous_17)","decl":{"start":{"line":549,"column":21},"end":{"line":549,"column":24}},"loc":{"start":{"line":549,"column":27},"end":{"line":549,"column":54}}},"17":{"name":"(anonymous_18)","decl":{"start":{"line":570,"column":17},"end":{"line":570,"column":20}},"loc":{"start":{"line":570,"column":23},"end":{"line":570,"column":51}}}},"branchMap":{"0":{"loc":{"start":{"line":39,"column":4},"end":{"line":43,"column":5}},"type":"if","locations":[{"start":{"line":39,"column":4},"end":{"line":43,"column":5}},{"start":{},"end":{}}]},"1":{"loc":{"start":{"line":40,"column":25},"end":{"line":40,"column":72}},"type":"binary-expr","locations":[{"start":{"line":40,"column":25},"end":{"line":40,"column":46}},{"start":{"line":40,"column":50},"end":{"line":40,"column":72}}]},"2":{"loc":{"start":{"line":41,"column":16},"end":{"line":41,"column":63}},"type":"binary-expr","locations":[{"start":{"line":41,"column":16},"end":{"line":41,"column":37}},{"start":{"line":41,"column":41},"end":{"line":41,"column":63}}]},"3":{"loc":{"start":{"line":49,"column":6},"end":{"line":58,"column":7}},"type":"if","locations":[{"start":{"line":49,"column":6},"end":{"line":58,"column":7}},{"start":{"line":53,"column":13},"end":{"line":58,"column":7}}]},"4":{"loc":{"start":{"line":49,"column":10},"end":{"line":49,"column":47}},"type":"binary-expr","locations":[{"start":{"line":49,"column":10},"end":{"line":49,"column":26}},{"start":{"line":49,"column":30},"end":{"line":49,"column":47}}]},"5":{"loc":{"start":{"line":73,"column":4},"end":{"line":75,"column":5}},"type":"if","locations":[{"start":{"line":73,"column":4},"end":{"line":75,"column":5}},{"start":{},"end":{}}]},"6":{"loc":{"start":{"line":78,"column":4},"end":{"line":80,"column":5}},"type":"if","locations":[{"start":{"line":78,"column":4},"end":{"line":80,"column":5}},{"start":{},"end":{}}]},"7":{"loc":{"start":{"line":82,"column":4},"end":{"line":87,"column":5}},"type":"if","locations":[{"start":{"line":82,"column":4},"end":{"line":87,"column":5}},{"start":{},"end":{}}]},"8":{"loc":{"start":{"line":84,"column":6},"end":{"line":86,"column":7}},"type":"if","locations":[{"start":{"line":84,"column":6},"end":{"line":86,"column":7}},{"start":{},"end":{}}]},"9":{"loc":{"start":{"line":89,"column":4},"end":{"line":93,"column":5}},"type":"if","locations":[{"start":{"line":89,"column":4},"end":{"line":93,"column":5}},{"start":{},"end":{}}]},"10":{"loc":{"start":{"line":101,"column":6},"end":{"line":106,"column":7}},"type":"if","locations":[{"start":{"line":101,"column":6},"end":{"line":106,"column":7}},{"start":{},"end":{}}]},"11":{"loc":{"start":{"line":114,"column":4},"end":{"line":117,"column":5}},"type":"if","locations":[{"start":{"line":114,"column":4},"end":{"line":117,"column":5}},{"start":{},"end":{}}]},"12":{"loc":{"start":{"line":118,"column":4},"end":{"line":121,"column":5}},"type":"if","locations":[{"start":{"line":118,"column":4},"end":{"line":121,"column":5}},{"start":{},"end":{}}]},"13":{"loc":{"start":{"line":135,"column":23},"end":{"line":135,"column":105}},"type":"cond-expr","locations":[{"start":{"line":135,"column":44},"end":{"line":135,"column":59}},{"start":{"line":135,"column":63},"end":{"line":135,"column":104}}]},"14":{"loc":{"start":{"line":135,"column":63},"end":{"line":135,"column":104}},"type":"cond-expr","locations":[{"start":{"line":135,"column":74},"end":{"line":135,"column":100}},{"start":{"line":135,"column":103},"end":{"line":135,"column":104}}]},"15":{"loc":{"start":{"line":141,"column":23},"end":{"line":141,"column":96}},"type":"cond-expr","locations":[{"start":{"line":141,"column":58},"end":{"line":141,"column":84}},{"start":{"line":141,"column":87},"end":{"line":141,"column":96}}]},"16":{"loc":{"start":{"line":159,"column":25},"end":{"line":159,"column":61}},"type":"cond-expr","locations":[{"start":{"line":159,"column":45},"end":{"line":159,"column":51}},{"start":{"line":159,"column":54},"end":{"line":159,"column":61}}]},"17":{"loc":{"start":{"line":165,"column":9},"end":{"line":255,"column":null}},"type":"cond-expr","locations":[{"start":{"line":166,"column":10},"end":{"line":168,"column":null}},{"start":{"line":171,"column":10},"end":{"line":254,"column":null}}]},"18":{"loc":{"start":{"line":181,"column":17},"end":{"line":190,"column":null}},"type":"binary-expr","locations":[{"start":{"line":181,"column":17},"end":{"line":181,"column":27}},{"start":{"line":182,"column":18},"end":{"line":190,"column":23}}]},"19":{"loc":{"start":{"line":266,"column":11},"end":{"line":464,"column":null}},"type":"cond-expr","locations":[{"start":{"line":267,"column":12},"end":{"line":415,"column":null}},{"start":{"line":418,"column":12},"end":{"line":463,"column":null}}]},"20":{"loc":{"start":{"line":269,"column":73},"end":{"line":269,"column":102}},"type":"cond-expr","locations":[{"start":{"line":269,"column":88},"end":{"line":269,"column":93}},{"start":{"line":269,"column":96},"end":{"line":269,"column":102}}]},"21":{"loc":{"start":{"line":276,"column":22},"end":{"line":278,"column":23}},"type":"if","locations":[{"start":{"line":276,"column":22},"end":{"line":278,"column":23}},{"start":{},"end":{}}]},"22":{"loc":{"start":{"line":283,"column":43},"end":{"line":283,"column":86}},"type":"cond-expr","locations":[{"start":{"line":283,"column":58},"end":{"line":283,"column":70}},{"start":{"line":283,"column":73},"end":{"line":283,"column":86}}]},"23":{"loc":{"start":{"line":293,"column":34},"end":{"line":293,"column":69}},"type":"cond-expr","locations":[{"start":{"line":293,"column":46},"end":{"line":293,"column":52}},{"start":{"line":293,"column":55},"end":{"line":293,"column":69}}]},"24":{"loc":{"start":{"line":298,"column":30},"end":{"line":298,"column":67}},"type":"cond-expr","locations":[{"start":{"line":298,"column":42},"end":{"line":298,"column":55}},{"start":{"line":298,"column":58},"end":{"line":298,"column":67}}]},"25":{"loc":{"start":{"line":303,"column":21},"end":{"line":303,"column":58}},"type":"cond-expr","locations":[{"start":{"line":303,"column":33},"end":{"line":303,"column":47}},{"start":{"line":303,"column":50},"end":{"line":303,"column":58}}]},"26":{"loc":{"start":{"line":306,"column":17},"end":{"line":309,"column":null}},"type":"binary-expr","locations":[{"start":{"line":306,"column":17},"end":{"line":306,"column":29}},{"start":{"line":307,"column":18},"end":{"line":308,"column":null}}]},"27":{"loc":{"start":{"line":313,"column":15},"end":{"line":414,"column":null}},"type":"binary-expr","locations":[{"start":{"line":313,"column":15},"end":{"line":313,"column":34}},{"start":{"line":314,"column":16},"end":{"line":413,"column":null}}]},"28":{"loc":{"start":{"line":330,"column":24},"end":{"line":332,"column":25}},"type":"if","locations":[{"start":{"line":330,"column":24},"end":{"line":332,"column":25}},{"start":{},"end":{}}]},"29":{"loc":{"start":{"line":337,"column":45},"end":{"line":337,"column":92}},"type":"cond-expr","locations":[{"start":{"line":337,"column":64},"end":{"line":337,"column":76}},{"start":{"line":337,"column":79},"end":{"line":337,"column":92}}]},"30":{"loc":{"start":{"line":343,"column":21},"end":{"line":346,"column":null}},"type":"binary-expr","locations":[{"start":{"line":343,"column":21},"end":{"line":343,"column":37}},{"start":{"line":344,"column":22},"end":{"line":345,"column":null}}]},"31":{"loc":{"start":{"line":371,"column":24},"end":{"line":373,"column":25}},"type":"if","locations":[{"start":{"line":371,"column":24},"end":{"line":373,"column":25}},{"start":{},"end":{}}]},"32":{"loc":{"start":{"line":378,"column":45},"end":{"line":378,"column":88}},"type":"cond-expr","locations":[{"start":{"line":378,"column":60},"end":{"line":378,"column":72}},{"start":{"line":378,"column":75},"end":{"line":378,"column":88}}]},"33":{"loc":{"start":{"line":384,"column":21},"end":{"line":387,"column":null}},"type":"binary-expr","locations":[{"start":{"line":384,"column":21},"end":{"line":384,"column":33}},{"start":{"line":385,"column":22},"end":{"line":386,"column":null}}]},"34":{"loc":{"start":{"line":432,"column":19},"end":{"line":443,"column":null}},"type":"binary-expr","locations":[{"start":{"line":432,"column":19},"end":{"line":432,"column":36}},{"start":{"line":433,"column":20},"end":{"line":441,"column":null}}]},"35":{"loc":{"start":{"line":485,"column":11},"end":{"line":493,"column":null}},"type":"binary-expr","locations":[{"start":{"line":485,"column":11},"end":{"line":485,"column":19}},{"start":{"line":485,"column":23},"end":{"line":485,"column":35}},{"start":{"line":486,"column":12},"end":{"line":492,"column":null}}]},"36":{"loc":{"start":{"line":521,"column":11},"end":{"line":524,"column":null}},"type":"binary-expr","locations":[{"start":{"line":521,"column":11},"end":{"line":521,"column":19}},{"start":{"line":521,"column":23},"end":{"line":521,"column":41}},{"start":{"line":522,"column":12},"end":{"line":523,"column":null}}]},"37":{"loc":{"start":{"line":530,"column":20},"end":{"line":530,"column":50}},"type":"binary-expr","locations":[{"start":{"line":530,"column":20},"end":{"line":530,"column":37}},{"start":{"line":530,"column":41},"end":{"line":530,"column":50}}]},"38":{"loc":{"start":{"line":533,"column":24},"end":{"line":533,"column":75}},"type":"cond-expr","locations":[{"start":{"line":533,"column":57},"end":{"line":533,"column":63}},{"start":{"line":533,"column":66},"end":{"line":533,"column":75}}]},"39":{"loc":{"start":{"line":533,"column":24},"end":{"line":533,"column":54}},"type":"binary-expr","locations":[{"start":{"line":533,"column":24},"end":{"line":533,"column":41}},{"start":{"line":533,"column":45},"end":{"line":533,"column":54}}]},"40":{"loc":{"start":{"line":538,"column":20},"end":{"line":538,"column":78}},"type":"cond-expr","locations":[{"start":{"line":538,"column":53},"end":{"line":538,"column":66}},{"start":{"line":538,"column":69},"end":{"line":538,"column":78}}]},"41":{"loc":{"start":{"line":538,"column":20},"end":{"line":538,"column":50}},"type":"binary-expr","locations":[{"start":{"line":538,"column":20},"end":{"line":538,"column":37}},{"start":{"line":538,"column":41},"end":{"line":538,"column":50}}]},"42":{"loc":{"start":{"line":547,"column":9},"end":{"line":563,"column":null}},"type":"binary-expr","locations":[{"start":{"line":547,"column":9},"end":{"line":547,"column":24}},{"start":{"line":548,"column":10},"end":{"line":560,"column":null}}]}},"s":{"0":0,"1":0,"2":0,"3":0,"4":0,"5":0,"6":0,"7":0,"8":0,"9":0,"10":0,"11":0,"12":0,"13":0,"14":0,"15":0,"16":0,"17":0,"18":0,"19":0,"20":0,"21":0,"22":0,"23":0,"24":0,"25":0,"26":0,"27":0,"28":0,"29":0,"30":0,"31":0,"32":0,"33":0,"34":0,"35":0,"36":0,"37":0,"38":0,"39":0,"40":0,"41":0,"42":0,"43":0,"44":0,"45":0,"46":0,"47":0,"48":0,"49":0,"50":0,"51":0,"52":0,"53":0,"54":0,"55":0,"56":0,"57":0,"58":0,"59":0,"60":0,"61":0,"62":0,"63":0,"64":0,"65":0,"66":0,"67":0,"68":0,"69":0,"70":0,"71":0,"72":0,"73":0,"74":0,"75":0,"76":0,"77":0,"78":0,"79":0,"80":0,"81":0,"82":0,"83":0,"84":0,"85":0,"86":0,"87":0,"88":0,"89":0,"90":0,"91":0,"92":0,"93":0,"94":0,"95":0,"96":0,"97":0,"98":0,"99":0,"100":0,"101":0,"102":0,"103":0,"104":0,"105":0,"106":0,"107":0},"f":{"0":0,"1":0,"2":0,"3":0,"4":0,"5":0,"6":0,"7":0,"8":0,"9":0,"10":0,"11":0,"12":0,"13":0,"14":0,"15":0,"16":0,"17":0},"b":{"0":[0,0],"1":[0,0],"2":[0,0],"3":[0,0],"4":[0,0],"5":[0,0],"6":[0,0],"7":[0,0],"8":[0,0],"9":[0,0],"10":[0,0],"11":[0,0],"12":[0,0],"13":[0,0],"14":[0,0],"15":[0,0],"16":[0,0],"17":[0,0],"18":[0,0],"19":[0,0],"20":[0,0],"21":[0,0],"22":[0,0],"23":[0,0],"24":[0,0],"25":[0,0],"26":[0,0],"27":[0,0],"28":[0,0],"29":[0,0],"30":[0,0],"31":[0,0],"32":[0,0],"33":[0,0],"34":[0,0],"35":[0,0,0],"36":[0,0,0],"37":[0,0],"38":[0,0],"39":[0,0],"40":[0,0],"41":[0,0],"42":[0,0]}}
,"C:\\Users\\Hp\\Documents\\POS\\POS\\packages\\frontend\\src\\components\\Modal.tsx": {"path":"C:\\Users\\Hp\\Documents\\POS\\POS\\packages\\frontend\\src\\components\\Modal.tsx","statementMap":{"0":{"start":{"line":15,"column":0},"end":{"line":15,"column":24}},"1":{"start":{"line":2,"column":0},"end":{"line":2,"column":42}},"2":{"start":{"line":25,"column":2},"end":{"line":25,"column":27}},"3":{"start":{"line":25,"column":15},"end":{"line":25,"column":27}},"4":{"start":{"line":27,"column":19},"end":{"line":36,"column":3}},"5":{"start":{"line":28,"column":4},"end":{"line":35,"column":5}},"6":{"start":{"line":30,"column":8},"end":{"line":30,"column":28}},"7":{"start":{"line":32,"column":8},"end":{"line":32,"column":30}},"8":{"start":{"line":34,"column":8},"end":{"line":34,"column":30}},"9":{"start":{"line":38,"column":2},"end":{"line":141,"column":4}},"10":{"start":{"line":59,"column":26},"end":{"line":59,"column":45}},"11":{"start":{"line":103,"column":16},"end":{"line":103,"column":28}},"12":{"start":{"line":104,"column":16},"end":{"line":104,"column":26}}},"fnMap":{"0":{"name":"Modal","decl":{"start":{"line":15,"column":24},"end":{"line":15,"column":29}},"loc":{"start":{"line":24,"column":13},"end":{"line":142,"column":1}}},"1":{"name":"(anonymous_1)","decl":{"start":{"line":27,"column":19},"end":{"line":27,"column":22}},"loc":{"start":{"line":27,"column":24},"end":{"line":36,"column":3}}},"2":{"name":"(anonymous_2)","decl":{"start":{"line":59,"column":19},"end":{"line":59,"column":20}},"loc":{"start":{"line":59,"column":26},"end":{"line":59,"column":45}}},"3":{"name":"(anonymous_3)","decl":{"start":{"line":102,"column":23},"end":{"line":102,"column":26}},"loc":{"start":{"line":102,"column":28},"end":{"line":105,"column":15}}}},"branchMap":{"0":{"loc":{"start":{"line":21,"column":2},"end":{"line":21,"column":25}},"type":"default-arg","locations":[{"start":{"line":21,"column":16},"end":{"line":21,"column":25}}]},"1":{"loc":{"start":{"line":22,"column":2},"end":{"line":22,"column":23}},"type":"default-arg","locations":[{"start":{"line":22,"column":15},"end":{"line":22,"column":23}}]},"2":{"loc":{"start":{"line":23,"column":2},"end":{"line":23,"column":15}},"type":"default-arg","locations":[{"start":{"line":23,"column":9},"end":{"line":23,"column":15}}]},"3":{"loc":{"start":{"line":25,"column":2},"end":{"line":25,"column":27}},"type":"if","locations":[{"start":{"line":25,"column":2},"end":{"line":25,"column":27}},{"start":{},"end":{}}]},"4":{"loc":{"start":{"line":28,"column":4},"end":{"line":35,"column":5}},"type":"switch","locations":[{"start":{"line":29,"column":6},"end":{"line":30,"column":28}},{"start":{"line":31,"column":6},"end":{"line":32,"column":30}},{"start":{"line":33,"column":6},"end":{"line":34,"column":30}}]}},"s":{"0":0,"1":0,"2":0,"3":0,"4":0,"5":0,"6":0,"7":0,"8":0,"9":0,"10":0,"11":0,"12":0},"f":{"0":0,"1":0,"2":0,"3":0},"b":{"0":[0],"1":[0],"2":[0],"3":[0,0],"4":[0,0,0]}}
,"C:\\Users\\Hp\\Documents\\POS\\POS\\packages\\frontend\\src\\context\\AppContext.tsx": {"path":"C:\\Users\\Hp\\Documents\\POS\\POS\\packages\\frontend\\src\\context\\AppContext.tsx","statementMap":{"0":{"start":{"line":1,"column":0},"end":{"line":1,"column":78}},"1":{"start":{"line":2,"column":0},"end":{"line":2,"column":48}},"2":{"start":{"line":32,"column":19},"end":{"line":32,"column":71}},"3":{"start":{"line":34,"column":68},"end":{"line":137,"column":1}},"4":{"start":{"line":35,"column":26},"end":{"line":35,"column":53}},"5":{"start":{"line":36,"column":28},"end":{"line":36,"column":57}},"6":{"start":{"line":37,"column":26},"end":{"line":37,"column":50}},"7":{"start":{"line":40,"column":2},"end":{"line":57,"column":9}},"8":{"start":{"line":41,"column":23},"end":{"line":41,"column":63}},"9":{"start":{"line":42,"column":22},"end":{"line":42,"column":61}},"10":{"start":{"line":43,"column":22},"end":{"line":43,"column":61}},"11":{"start":{"line":45,"column":4},"end":{"line":48,"column":5}},"12":{"start":{"line":46,"column":6},"end":{"line":46,"column":27}},"13":{"start":{"line":47,"column":6},"end":{"line":47,"column":37}},"14":{"start":{"line":50,"column":4},"end":{"line":56,"column":5}},"15":{"start":{"line":51,"column":6},"end":{"line":55,"column":7}},"16":{"start":{"line":52,"column":8},"end":{"line":52,"column":39}},"17":{"start":{"line":54,"column":8},"end":{"line":54,"column":71}},"18":{"start":{"line":60,"column":2},"end":{"line":62,"column":13}},"19":{"start":{"line":61,"column":4},"end":{"line":61,"column":66}},"20":{"start":{"line":64,"column":16},"end":{"line":69,"column":3}},"21":{"start":{"line":65,"column":4},"end":{"line":65,"column":21}},"22":{"start":{"line":66,"column":4},"end":{"line":66,"column":23}},"23":{"start":{"line":67,"column":4},"end":{"line":67,"column":55}},"24":{"start":{"line":68,"column":4},"end":{"line":68,"column":69}},"25":{"start":{"line":71,"column":17},"end":{"line":78,"column":3}},"26":{"start":{"line":72,"column":4},"end":{"line":72,"column":18}},"27":{"start":{"line":73,"column":4},"end":{"line":73,"column":19}},"28":{"start":{"line":74,"column":4},"end":{"line":74,"column":16}},"29":{"start":{"line":75,"column":4},"end":{"line":75,"column":48}},"30":{"start":{"line":76,"column":4},"end":{"line":76,"column":47}},"31":{"start":{"line":77,"column":4},"end":{"line":77,"column":47}},"32":{"start":{"line":80,"column":20},"end":{"line":90,"column":3}},"33":{"start":{"line":81,"column":4},"end":{"line":89,"column":7}},"34":{"start":{"line":82,"column":23},"end":{"line":82,"column":71}},"35":{"start":{"line":82,"column":40},"end":{"line":82,"column":70}},"36":{"start":{"line":83,"column":6},"end":{"line":87,"column":7}},"37":{"start":{"line":84,"column":8},"end":{"line":86,"column":10}},"38":{"start":{"line":85,"column":10},"end":{"line":85,"column":81}},"39":{"start":{"line":88,"column":6},"end":{"line":88,"column":49}},"40":{"start":{"line":92,"column":25},"end":{"line":94,"column":3}},"41":{"start":{"line":93,"column":4},"end":{"line":93,"column":69}},"42":{"start":{"line":93,"column":22},"end":{"line":93,"column":67}},"43":{"start":{"line":93,"column":41},"end":{"line":93,"column":66}},"44":{"start":{"line":96,"column":25},"end":{"line":104,"column":3}},"45":{"start":{"line":97,"column":4},"end":{"line":103,"column":5}},"46":{"start":{"line":98,"column":6},"end":{"line":98,"column":32}},"47":{"start":{"line":100,"column":6},"end":{"line":102,"column":8}},"48":{"start":{"line":101,"column":8},"end":{"line":101,"column":77}},"49":{"start":{"line":101,"column":25},"end":{"line":101,"column":75}},"50":{"start":{"line":106,"column":20},"end":{"line":108,"column":3}},"51":{"start":{"line":107,"column":4},"end":{"line":107,"column":16}},"52":{"start":{"line":110,"column":23},"end":{"line":112,"column":3}},"53":{"start":{"line":111,"column":4},"end":{"line":111,"column":79}},"54":{"start":{"line":111,"column":40},"end":{"line":111,"column":74}},"55":{"start":{"line":114,"column":23},"end":{"line":116,"column":3}},"56":{"start":{"line":115,"column":4},"end":{"line":115,"column":66}},"57":{"start":{"line":115,"column":40},"end":{"line":115,"column":61}},"58":{"start":{"line":118,"column":2},"end":{"line":136,"column":4}},"59":{"start":{"line":34,"column":13},"end":{"line":34,"column":68}},"60":{"start":{"line":139,"column":22},"end":{"line":145,"column":1}},"61":{"start":{"line":140,"column":18},"end":{"line":140,"column":40}},"62":{"start":{"line":141,"column":2},"end":{"line":143,"column":3}},"63":{"start":{"line":142,"column":4},"end":{"line":142,"column":62}},"64":{"start":{"line":144,"column":2},"end":{"line":144,"column":17}},"65":{"start":{"line":139,"column":13},"end":{"line":139,"column":22}}},"fnMap":{"0":{"name":"(anonymous_0)","decl":{"start":{"line":34,"column":68},"end":{"line":34,"column":69}},"loc":{"start":{"line":34,"column":85},"end":{"line":137,"column":1}}},"1":{"name":"(anonymous_1)","decl":{"start":{"line":40,"column":12},"end":{"line":40,"column":15}},"loc":{"start":{"line":40,"column":17},"end":{"line":57,"column":3}}},"2":{"name":"(anonymous_2)","decl":{"start":{"line":60,"column":12},"end":{"line":60,"column":15}},"loc":{"start":{"line":60,"column":17},"end":{"line":62,"column":3}}},"3":{"name":"(anonymous_3)","decl":{"start":{"line":64,"column":16},"end":{"line":64,"column":17}},"loc":{"start":{"line":64,"column":52},"end":{"line":69,"column":3}}},"4":{"name":"(anonymous_4)","decl":{"start":{"line":71,"column":17},"end":{"line":71,"column":20}},"loc":{"start":{"line":71,"column":22},"end":{"line":78,"column":3}}},"5":{"name":"(anonymous_5)","decl":{"start":{"line":80,"column":20},"end":{"line":80,"column":21}},"loc":{"start":{"line":80,"column":57},"end":{"line":90,"column":3}}},"6":{"name":"(anonymous_6)","decl":{"start":{"line":81,"column":12},"end":{"line":81,"column":13}},"loc":{"start":{"line":81,"column":21},"end":{"line":89,"column":5}}},"7":{"name":"(anonymous_7)","decl":{"start":{"line":82,"column":33},"end":{"line":82,"column":34}},"loc":{"start":{"line":82,"column":40},"end":{"line":82,"column":70}}},"8":{"name":"(anonymous_8)","decl":{"start":{"line":84,"column":24},"end":{"line":84,"column":25}},"loc":{"start":{"line":85,"column":10},"end":{"line":85,"column":81}}},"9":{"name":"(anonymous_9)","decl":{"start":{"line":92,"column":25},"end":{"line":92,"column":26}},"loc":{"start":{"line":92,"column":47},"end":{"line":94,"column":3}}},"10":{"name":"(anonymous_10)","decl":{"start":{"line":93,"column":12},"end":{"line":93,"column":13}},"loc":{"start":{"line":93,"column":22},"end":{"line":93,"column":67}}},"11":{"name":"(anonymous_11)","decl":{"start":{"line":93,"column":34},"end":{"line":93,"column":35}},"loc":{"start":{"line":93,"column":41},"end":{"line":93,"column":66}}},"12":{"name":"(anonymous_12)","decl":{"start":{"line":96,"column":25},"end":{"line":96,"column":26}},"loc":{"start":{"line":96,"column":65},"end":{"line":104,"column":3}}},"13":{"name":"(anonymous_13)","decl":{"start":{"line":100,"column":14},"end":{"line":100,"column":15}},"loc":{"start":{"line":101,"column":8},"end":{"line":101,"column":77}}},"14":{"name":"(anonymous_14)","decl":{"start":{"line":101,"column":17},"end":{"line":101,"column":18}},"loc":{"start":{"line":101,"column":25},"end":{"line":101,"column":75}}},"15":{"name":"(anonymous_15)","decl":{"start":{"line":106,"column":20},"end":{"line":106,"column":23}},"loc":{"start":{"line":106,"column":25},"end":{"line":108,"column":3}}},"16":{"name":"(anonymous_16)","decl":{"start":{"line":110,"column":23},"end":{"line":110,"column":26}},"loc":{"start":{"line":110,"column":28},"end":{"line":112,"column":3}}},"17":{"name":"(anonymous_17)","decl":{"start":{"line":111,"column":23},"end":{"line":111,"column":24}},"loc":{"start":{"line":111,"column":40},"end":{"line":111,"column":74}}},"18":{"name":"(anonymous_18)","decl":{"start":{"line":114,"column":23},"end":{"line":114,"column":26}},"loc":{"start":{"line":114,"column":28},"end":{"line":116,"column":3}}},"19":{"name":"(anonymous_19)","decl":{"start":{"line":115,"column":23},"end":{"line":115,"column":24}},"loc":{"start":{"line":115,"column":40},"end":{"line":115,"column":61}}},"20":{"name":"(anonymous_20)","decl":{"start":{"line":139,"column":22},"end":{"line":139,"column":25}},"loc":{"start":{"line":139,"column":27},"end":{"line":145,"column":1}}}},"branchMap":{"0":{"loc":{"start":{"line":45,"column":4},"end":{"line":48,"column":5}},"type":"if","locations":[{"start":{"line":45,"column":4},"end":{"line":48,"column":5}},{"start":{},"end":{}}]},"1":{"loc":{"start":{"line":45,"column":8},"end":{"line":45,"column":31}},"type":"binary-expr","locations":[{"start":{"line":45,"column":8},"end":{"line":45,"column":18}},{"start":{"line":45,"column":22},"end":{"line":45,"column":31}}]},"2":{"loc":{"start":{"line":50,"column":4},"end":{"line":56,"column":5}},"type":"if","locations":[{"start":{"line":50,"column":4},"end":{"line":56,"column":5}},{"start":{},"end":{}}]},"3":{"loc":{"start":{"line":83,"column":6},"end":{"line":87,"column":7}},"type":"if","locations":[{"start":{"line":83,"column":6},"end":{"line":87,"column":7}},{"start":{},"end":{}}]},"4":{"loc":{"start":{"line":85,"column":10},"end":{"line":85,"column":81}},"type":"cond-expr","locations":[{"start":{"line":85,"column":43},"end":{"line":85,"column":77}},{"start":{"line":85,"column":80},"end":{"line":85,"column":81}}]},"5":{"loc":{"start":{"line":97,"column":4},"end":{"line":103,"column":5}},"type":"if","locations":[{"start":{"line":97,"column":4},"end":{"line":103,"column":5}},{"start":{"line":99,"column":11},"end":{"line":103,"column":5}}]},"6":{"loc":{"start":{"line":101,"column":25},"end":{"line":101,"column":75}},"type":"cond-expr","locations":[{"start":{"line":101,"column":53},"end":{"line":101,"column":71}},{"start":{"line":101,"column":74},"end":{"line":101,"column":75}}]},"7":{"loc":{"start":{"line":141,"column":2},"end":{"line":143,"column":3}},"type":"if","locations":[{"start":{"line":141,"column":2},"end":{"line":143,"column":3}},{"start":{},"end":{}}]}},"s":{"0":0,"1":0,"2":0,"3":0,"4":0,"5":0,"6":0,"7":0,"8":0,"9":0,"10":0,"11":0,"12":0,"13":0,"14":0,"15":0,"16":0,"17":0,"18":0,"19":0,"20":0,"21":0,"22":0,"23":0,"24":0,"25":0,"26":0,"27":0,"28":0,"29":0,"30":0,"31":0,"32":0,"33":0,"34":0,"35":0,"36":0,"37":0,"38":0,"39":0,"40":0,"41":0,"42":0,"43":0,"44":0,"45":0,"46":0,"47":0,"48":0,"49":0,"50":0,"51":0,"52":0,"53":0,"54":0,"55":0,"56":0,"57":0,"58":0,"59":0,"60":0,"61":0,"62":0,"63":0,"64":0,"65":0},"f":{"0":0,"1":0,"2":0,"3":0,"4":0,"5":0,"6":0,"7":0,"8":0,"9":0,"10":0,"11":0,"12":0,"13":0,"14":0,"15":0,"16":0,"17":0,"18":0,"19":0,"20":0},"b":{"0":[0,0],"1":[0,0],"2":[0,0],"3":[0,0],"4":[0,0],"5":[0,0],"6":[0,0],"7":[0,0]}}
,"C:\\Users\\Hp\\Documents\\POS\\POS\\packages\\frontend\\src\\context\\ToastContext.tsx": {"path":"C:\\Users\\Hp\\Documents\\POS\\POS\\packages\\frontend\\src\\context\\ToastContext.tsx","statementMap":{"0":{"start":{"line":1,"column":0},"end":{"line":1,"column":80}},"1":{"start":{"line":13,"column":21},"end":{"line":13,"column":75}},"2":{"start":{"line":15,"column":24},"end":{"line":21,"column":1}},"3":{"start":{"line":16,"column":18},"end":{"line":16,"column":42}},"4":{"start":{"line":17,"column":2},"end":{"line":19,"column":3}},"5":{"start":{"line":18,"column":4},"end":{"line":18,"column":66}},"6":{"start":{"line":20,"column":2},"end":{"line":20,"column":17}},"7":{"start":{"line":15,"column":13},"end":{"line":15,"column":24}},"8":{"start":{"line":23,"column":70},"end":{"line":95,"column":1}},"9":{"start":{"line":24,"column":30},"end":{"line":24,"column":51}},"10":{"start":{"line":26,"column":20},"end":{"line":36,"column":8}},"11":{"start":{"line":27,"column":15},"end":{"line":27,"column":36}},"12":{"start":{"line":28,"column":28},"end":{"line":28,"column":49}},"13":{"start":{"line":30,"column":4},"end":{"line":30,"column":45}},"14":{"start":{"line":30,"column":24},"end":{"line":30,"column":43}},"15":{"start":{"line":33,"column":4},"end":{"line":35,"column":13}},"16":{"start":{"line":34,"column":6},"end":{"line":34,"column":67}},"17":{"start":{"line":34,"column":26},"end":{"line":34,"column":65}},"18":{"start":{"line":34,"column":49},"end":{"line":34,"column":64}},"19":{"start":{"line":38,"column":24},"end":{"line":60,"column":3}},"20":{"start":{"line":39,"column":22},"end":{"line":48,"column":6}},"21":{"start":{"line":50,"column":4},"end":{"line":59,"column":5}},"22":{"start":{"line":52,"column":8},"end":{"line":52,"column":71}},"23":{"start":{"line":54,"column":8},"end":{"line":54,"column":71}},"24":{"start":{"line":56,"column":8},"end":{"line":56,"column":71}},"25":{"start":{"line":58,"column":8},"end":{"line":58,"column":71}},"26":{"start":{"line":62,"column":2},"end":{"line":94,"column":4}},"27":{"start":{"line":74,"column":10},"end":{"line":74,"column":30}},"28":{"start":{"line":23,"column":13},"end":{"line":23,"column":70}}},"fnMap":{"0":{"name":"(anonymous_0)","decl":{"start":{"line":15,"column":24},"end":{"line":15,"column":27}},"loc":{"start":{"line":15,"column":29},"end":{"line":21,"column":1}}},"1":{"name":"(anonymous_1)","decl":{"start":{"line":23,"column":70},"end":{"line":23,"column":71}},"loc":{"start":{"line":23,"column":87},"end":{"line":95,"column":1}}},"2":{"name":"(anonymous_2)","decl":{"start":{"line":26,"column":32},"end":{"line":26,"column":33}},"loc":{"start":{"line":26,"column":82},"end":{"line":36,"column":3}}},"3":{"name":"(anonymous_3)","decl":{"start":{"line":30,"column":14},"end":{"line":30,"column":15}},"loc":{"start":{"line":30,"column":24},"end":{"line":30,"column":43}}},"4":{"name":"(anonymous_4)","decl":{"start":{"line":33,"column":15},"end":{"line":33,"column":18}},"loc":{"start":{"line":33,"column":20},"end":{"line":35,"column":5}}},"5":{"name":"(anonymous_5)","decl":{"start":{"line":34,"column":16},"end":{"line":34,"column":17}},"loc":{"start":{"line":34,"column":26},"end":{"line":34,"column":65}}},"6":{"name":"(anonymous_6)","decl":{"start":{"line":34,"column":38},"end":{"line":34,"column":39}},"loc":{"start":{"line":34,"column":49},"end":{"line":34,"column":64}}},"7":{"name":"(anonymous_7)","decl":{"start":{"line":38,"column":24},"end":{"line":38,"column":25}},"loc":{"start":{"line":38,"column":48},"end":{"line":60,"column":3}}},"8":{"name":"(anonymous_8)","decl":{"start":{"line":73,"column":20},"end":{"line":73,"column":21}},"loc":{"start":{"line":74,"column":10},"end":{"line":74,"column":30}}}},"branchMap":{"0":{"loc":{"start":{"line":17,"column":2},"end":{"line":19,"column":3}},"type":"if","locations":[{"start":{"line":17,"column":2},"end":{"line":19,"column":3}},{"start":{},"end":{}}]},"1":{"loc":{"start":{"line":26,"column":50},"end":{"line":26,"column":78}},"type":"default-arg","locations":[{"start":{"line":26,"column":72},"end":{"line":26,"column":78}}]},"2":{"loc":{"start":{"line":50,"column":4},"end":{"line":59,"column":5}},"type":"switch","locations":[{"start":{"line":51,"column":6},"end":{"line":52,"column":71}},{"start":{"line":53,"column":6},"end":{"line":54,"column":71}},{"start":{"line":55,"column":6},"end":{"line":56,"column":71}},{"start":{"line":57,"column":6},"end":{"line":58,"column":71}}]}},"s":{"0":0,"1":0,"2":0,"3":0,"4":0,"5":0,"6":0,"7":0,"8":0,"9":0,"10":0,"11":0,"12":0,"13":0,"14":0,"15":0,"16":0,"17":0,"18":0,"19":0,"20":0,"21":0,"22":0,"23":0,"24":0,"25":0,"26":0,"27":0,"28":0},"f":{"0":0,"1":0,"2":0,"3":0,"4":0,"5":0,"6":0,"7":0,"8":0},"b":{"0":[0,0],"1":[0],"2":[0,0,0,0]}}
,"C:\\Users\\Hp\\Documents\\POS\\POS\\packages\\frontend\\src\\lib\\api.ts": {"path":"C:\\Users\\Hp\\Documents\\POS\\POS\\packages\\frontend\\src\\lib\\api.ts","statementMap":{"0":{"start":{"line":1,"column":0},"end":{"line":1,"column":26}},"1":{"start":{"line":3,"column":16},"end":{"line":3,"column":43}},"2":{"start":{"line":6,"column":12},"end":{"line":11,"column":2}},"3":{"start":{"line":14,"column":0},"end":{"line":20,"column":3}},"4":{"start":{"line":15,"column":16},"end":{"line":15,"column":45}},"5":{"start":{"line":16,"column":2},"end":{"line":18,"column":3}},"6":{"start":{"line":17,"column":4},"end":{"line":17,"column":53}},"7":{"start":{"line":19,"column":2},"end":{"line":19,"column":16}},"8":{"start":{"line":23,"column":13},"end":{"line":28,"column":2}},"9":{"start":{"line":25,"column":21},"end":{"line":25,"column":74}},"10":{"start":{"line":26,"column":4},"end":{"line":26,"column":25}},"11":{"start":{"line":31,"column":13},"end":{"line":46,"column":2}},"12":{"start":{"line":33,"column":21},"end":{"line":33,"column":49}},"13":{"start":{"line":34,"column":4},"end":{"line":34,"column":25}},"14":{"start":{"line":37,"column":21},"end":{"line":39,"column":6}},"15":{"start":{"line":40,"column":4},"end":{"line":40,"column":25}},"16":{"start":{"line":43,"column":21},"end":{"line":43,"column":53}},"17":{"start":{"line":44,"column":4},"end":{"line":44,"column":25}},"18":{"start":{"line":49,"column":13},"end":{"line":64,"column":2}},"19":{"start":{"line":51,"column":21},"end":{"line":51,"column":71}},"20":{"start":{"line":52,"column":4},"end":{"line":52,"column":25}},"21":{"start":{"line":61,"column":21},"end":{"line":61,"column":55}},"22":{"start":{"line":62,"column":4},"end":{"line":62,"column":25}},"23":{"start":{"line":67,"column":13},"end":{"line":85,"column":2}},"24":{"start":{"line":74,"column":21},"end":{"line":74,"column":52}},"25":{"start":{"line":75,"column":4},"end":{"line":75,"column":25}},"26":{"start":{"line":78,"column":21},"end":{"line":78,"column":45}},"27":{"start":{"line":79,"column":4},"end":{"line":79,"column":25}},"28":{"start":{"line":82,"column":21},"end":{"line":82,"column":51}},"29":{"start":{"line":83,"column":4},"end":{"line":83,"column":25}},"30":{"start":{"line":87,"column":0},"end":{"line":87,"column":19}}},"fnMap":{"0":{"name":"(anonymous_1)","decl":{"start":{"line":14,"column":29},"end":{"line":14,"column":30}},"loc":{"start":{"line":14,"column":40},"end":{"line":20,"column":1}}},"1":{"name":"(anonymous_2)","decl":{"start":{"line":24,"column":9},"end":{"line":24,"column":14}},"loc":{"start":{"line":24,"column":54},"end":{"line":27,"column":3}}},"2":{"name":"(anonymous_3)","decl":{"start":{"line":32,"column":17},"end":{"line":32,"column":22}},"loc":{"start":{"line":32,"column":28},"end":{"line":35,"column":3}}},"3":{"name":"(anonymous_4)","decl":{"start":{"line":36,"column":15},"end":{"line":36,"column":20}},"loc":{"start":{"line":36,"column":45},"end":{"line":41,"column":3}}},"4":{"name":"(anonymous_5)","decl":{"start":{"line":42,"column":14},"end":{"line":42,"column":19}},"loc":{"start":{"line":42,"column":35},"end":{"line":45,"column":3}}},"5":{"name":"(anonymous_6)","decl":{"start":{"line":50,"column":10},"end":{"line":50,"column":15}},"loc":{"start":{"line":50,"column":34},"end":{"line":53,"column":3}}},"6":{"name":"(anonymous_7)","decl":{"start":{"line":54,"column":10},"end":{"line":54,"column":15}},"loc":{"start":{"line":60,"column":7},"end":{"line":63,"column":3}}},"7":{"name":"(anonymous_8)","decl":{"start":{"line":68,"column":10},"end":{"line":68,"column":15}},"loc":{"start":{"line":73,"column":7},"end":{"line":76,"column":3}}},"8":{"name":"(anonymous_9)","decl":{"start":{"line":77,"column":10},"end":{"line":77,"column":15}},"loc":{"start":{"line":77,"column":21},"end":{"line":80,"column":3}}},"9":{"name":"(anonymous_10)","decl":{"start":{"line":81,"column":10},"end":{"line":81,"column":15}},"loc":{"start":{"line":81,"column":31},"end":{"line":84,"column":3}}}},"branchMap":{"0":{"loc":{"start":{"line":16,"column":2},"end":{"line":18,"column":3}},"type":"if","locations":[{"start":{"line":16,"column":2},"end":{"line":18,"column":3}},{"start":{},"end":{}}]},"1":{"loc":{"start":{"line":38,"column":14},"end":{"line":38,"column":53}},"type":"cond-expr","locations":[{"start":{"line":38,"column":27},"end":{"line":38,"column":41}},{"start":{"line":38,"column":44},"end":{"line":38,"column":53}}]}},"s":{"0":0,"1":0,"2":0,"3":0,"4":0,"5":0,"6":0,"7":0,"8":0,"9":0,"10":0,"11":0,"12":0,"13":0,"14":0,"15":0,"16":0,"17":0,"18":0,"19":0,"20":0,"21":0,"22":0,"23":0,"24":0,"25":0,"26":0,"27":0,"28":0,"29":0,"30":0},"f":{"0":0,"1":0,"2":0,"3":0,"4":0,"5":0,"6":0,"7":0,"8":0,"9":0},"b":{"0":[0,0],"1":[0,0]}}
,"C:\\Users\\Hp\\Documents\\POS\\POS\\packages\\frontend\\src\\lib\\constants.ts": {"path":"C:\\Users\\Hp\\Documents\\POS\\POS\\packages\\frontend\\src\\lib\\constants.ts","statementMap":{"0":{"start":{"line":3,"column":13},"end":{"line":3,"column":29}},"1":{"start":{"line":4,"column":13},"end":{"line":4,"column":47}},"2":{"start":{"line":5,"column":13},"end":{"line":5,"column":35}},"3":{"start":{"line":7,"column":13},"end":{"line":11,"column":11}},"4":{"start":{"line":13,"column":13},"end":{"line":13,"column":38}},"5":{"start":{"line":14,"column":13},"end":{"line":14,"column":39}},"6":{"start":{"line":16,"column":13},"end":{"line":23,"column":11}},"7":{"start":{"line":25,"column":13},"end":{"line":29,"column":11}},"8":{"start":{"line":31,"column":13},"end":{"line":43,"column":11}},"9":{"start":{"line":45,"column":13},"end":{"line":58,"column":11}}},"fnMap":{},"branchMap":{},"s":{"0":1,"1":1,"2":1,"3":1,"4":1,"5":1,"6":1,"7":1,"8":1,"9":1},"f":{},"b":{}}
,"C:\\Users\\Hp\\Documents\\POS\\POS\\packages\\frontend\\src\\lib\\utils.ts": {"path":"C:\\Users\\Hp\\Documents\\POS\\POS\\packages\\frontend\\src\\lib\\utils.ts","statementMap":{"0":{"start":{"line":1,"column":0},"end":{"line":1,"column":50}},"1":{"start":{"line":3,"column":29},"end":{"line":15,"column":1}},"2":{"start":{"line":4,"column":2},"end":{"line":6,"column":3}},"3":{"start":{"line":5,"column":4},"end":{"line":5,"column":63}},"4":{"start":{"line":8,"column":18},"end":{"line":8,"column":42}},"5":{"start":{"line":10,"column":2},"end":{"line":12,"column":3}},"6":{"start":{"line":11,"column":4},"end":{"line":11,"column":89}},"7":{"start":{"line":14,"column":2},"end":{"line":14,"column":25}},"8":{"start":{"line":3,"column":13},"end":{"line":3,"column":29}},"9":{"start":{"line":17,"column":29},"end":{"line":29,"column":1}},"10":{"start":{"line":18,"column":2},"end":{"line":20,"column":3}},"11":{"start":{"line":19,"column":4},"end":{"line":19,"column":27}},"12":{"start":{"line":22,"column":21},"end":{"line":22,"column":49}},"13":{"start":{"line":24,"column":2},"end":{"line":26,"column":3}},"14":{"start":{"line":25,"column":4},"end":{"line":25,"column":73}},"15":{"start":{"line":28,"column":2},"end":{"line":28,"column":25}},"16":{"start":{"line":17,"column":13},"end":{"line":17,"column":29}},"17":{"start":{"line":31,"column":32},"end":{"line":36,"column":1}},"18":{"start":{"line":32,"column":2},"end":{"line":34,"column":3}},"19":{"start":{"line":33,"column":4},"end":{"line":33,"column":63}},"20":{"start":{"line":35,"column":2},"end":{"line":35,"column":25}},"21":{"start":{"line":31,"column":13},"end":{"line":31,"column":32}},"22":{"start":{"line":38,"column":27},"end":{"line":44,"column":1}},"23":{"start":{"line":39,"column":18},"end":{"line":39,"column":42}},"24":{"start":{"line":40,"column":2},"end":{"line":42,"column":3}},"25":{"start":{"line":41,"column":4},"end":{"line":41,"column":54}},"26":{"start":{"line":43,"column":2},"end":{"line":43,"column":15}},"27":{"start":{"line":38,"column":13},"end":{"line":38,"column":27}},"28":{"start":{"line":46,"column":30},"end":{"line":48,"column":1}},"29":{"start":{"line":47,"column":2},"end":{"line":47,"column":102}},"30":{"start":{"line":46,"column":13},"end":{"line":46,"column":30}},"31":{"start":{"line":50,"column":26},"end":{"line":59,"column":1}},"32":{"start":{"line":51,"column":15},"end":{"line":51,"column":35}},"33":{"start":{"line":52,"column":2},"end":{"line":58,"column":5}},"34":{"start":{"line":50,"column":13},"end":{"line":50,"column":26}}},"fnMap":{"0":{"name":"(anonymous_0)","decl":{"start":{"line":3,"column":29},"end":{"line":3,"column":30}},"loc":{"start":{"line":3,"column":83},"end":{"line":15,"column":1}}},"1":{"name":"(anonymous_1)","decl":{"start":{"line":17,"column":29},"end":{"line":17,"column":30}},"loc":{"start":{"line":17,"column":83},"end":{"line":29,"column":1}}},"2":{"name":"(anonymous_2)","decl":{"start":{"line":31,"column":32},"end":{"line":31,"column":33}},"loc":{"start":{"line":31,"column":115},"end":{"line":36,"column":1}}},"3":{"name":"(anonymous_3)","decl":{"start":{"line":38,"column":27},"end":{"line":38,"column":28}},"loc":{"start":{"line":38,"column":53},"end":{"line":44,"column":1}}},"4":{"name":"(anonymous_4)","decl":{"start":{"line":46,"column":30},"end":{"line":46,"column":31}},"loc":{"start":{"line":46,"column":57},"end":{"line":48,"column":1}}},"5":{"name":"(anonymous_5)","decl":{"start":{"line":50,"column":26},"end":{"line":50,"column":27}},"loc":{"start":{"line":50,"column":57},"end":{"line":59,"column":1}}}},"branchMap":{"0":{"loc":{"start":{"line":4,"column":2},"end":{"line":6,"column":3}},"type":"if","locations":[{"start":{"line":4,"column":2},"end":{"line":6,"column":3}},{"start":{},"end":{}}]},"1":{"loc":{"start":{"line":4,"column":6},"end":{"line":4,"column":35}},"type":"binary-expr","locations":[{"start":{"line":4,"column":6},"end":{"line":4,"column":12}},{"start":{"line":4,"column":16},"end":{"line":4,"column":35}}]},"2":{"loc":{"start":{"line":10,"column":2},"end":{"line":12,"column":3}},"type":"if","locations":[{"start":{"line":10,"column":2},"end":{"line":12,"column":3}},{"start":{},"end":{}}]},"3":{"loc":{"start":{"line":18,"column":2},"end":{"line":20,"column":3}},"type":"if","locations":[{"start":{"line":18,"column":2},"end":{"line":20,"column":3}},{"start":{},"end":{}}]},"4":{"loc":{"start":{"line":18,"column":6},"end":{"line":18,"column":35}},"type":"binary-expr","locations":[{"start":{"line":18,"column":6},"end":{"line":18,"column":12}},{"start":{"line":18,"column":16},"end":{"line":18,"column":35}}]},"5":{"loc":{"start":{"line":24,"column":2},"end":{"line":26,"column":3}},"type":"if","locations":[{"start":{"line":24,"column":2},"end":{"line":26,"column":3}},{"start":{},"end":{}}]},"6":{"loc":{"start":{"line":31,"column":48},"end":{"line":31,"column":75}},"type":"default-arg","locations":[{"start":{"line":31,"column":68},"end":{"line":31,"column":75}}]},"7":{"loc":{"start":{"line":32,"column":2},"end":{"line":34,"column":3}},"type":"if","locations":[{"start":{"line":32,"column":2},"end":{"line":34,"column":3}},{"start":{},"end":{}}]},"8":{"loc":{"start":{"line":32,"column":6},"end":{"line":32,"column":35}},"type":"binary-expr","locations":[{"start":{"line":32,"column":6},"end":{"line":32,"column":12}},{"start":{"line":32,"column":16},"end":{"line":32,"column":35}}]},"9":{"loc":{"start":{"line":40,"column":2},"end":{"line":42,"column":3}},"type":"if","locations":[{"start":{"line":40,"column":2},"end":{"line":42,"column":3}},{"start":{},"end":{}}]}},"s":{"0":1,"1":1,"2":6,"3":1,"4":5,"5":5,"6":3,"7":2,"8":1,"9":1,"10":6,"11":1,"12":5,"13":5,"14":3,"15":2,"16":1,"17":1,"18":0,"19":0,"20":0,"21":1,"22":1,"23":0,"24":0,"25":0,"26":0,"27":1,"28":1,"29":5,"30":1,"31":1,"32":2,"33":2,"34":1},"f":{"0":6,"1":6,"2":0,"3":0,"4":5,"5":2},"b":{"0":[1,5],"1":[6,5],"2":[3,2],"3":[1,5],"4":[6,5],"5":[3,2],"6":[0],"7":[0,0],"8":[0,0],"9":[0,0]}}
,"C:\\Users\\Hp\\Documents\\POS\\POS\\packages\\frontend\\src\\pages\\App.tsx": {"path":"C:\\Users\\Hp\\Documents\\POS\\POS\\packages\\frontend\\src\\pages\\App.tsx","statementMap":{"0":{"start":{"line":28,"column":0},"end":{"line":28,"column":24}},"1":{"start":{"line":2,"column":0},"end":{"line":2,"column":74}},"2":{"start":{"line":3,"column":0},"end":{"line":3,"column":60}},"3":{"start":{"line":4,"column":0},"end":{"line":4,"column":56}},"4":{"start":{"line":5,"column":0},"end":{"line":5,"column":28}},"5":{"start":{"line":6,"column":0},"end":{"line":6,"column":26}},"6":{"start":{"line":7,"column":0},"end":{"line":7,"column":34}},"7":{"start":{"line":8,"column":0},"end":{"line":8,"column":52}},"8":{"start":{"line":11,"column":19},"end":{"line":11,"column":27}},"9":{"start":{"line":12,"column":2},"end":{"line":12,"column":59}},"10":{"start":{"line":16,"column":19},"end":{"line":16,"column":27}},"11":{"start":{"line":18,"column":2},"end":{"line":25,"column":4}},"12":{"start":{"line":29,"column":2},"end":{"line":37,"column":4}}},"fnMap":{"0":{"name":"PrivateRoute","decl":{"start":{"line":10,"column":9},"end":{"line":10,"column":21}},"loc":{"start":{"line":10,"column":65},"end":{"line":13,"column":1}}},"1":{"name":"AppRoutes","decl":{"start":{"line":15,"column":9},"end":{"line":15,"column":18}},"loc":{"start":{"line":15,"column":18},"end":{"line":26,"column":1}}},"2":{"name":"App","decl":{"start":{"line":28,"column":24},"end":{"line":28,"column":27}},"loc":{"start":{"line":28,"column":27},"end":{"line":38,"column":1}}}},"branchMap":{"0":{"loc":{"start":{"line":12,"column":9},"end":{"line":12,"column":58}},"type":"cond-expr","locations":[{"start":{"line":12,"column":16},"end":{"line":12,"column":31}},{"start":{"line":12,"column":34},"end":{"line":12,"column":58}}]},"1":{"loc":{"start":{"line":20,"column":36},"end":{"line":20,"column":74}},"type":"cond-expr","locations":[{"start":{"line":20,"column":43},"end":{"line":20,"column":62}},{"start":{"line":20,"column":65},"end":{"line":20,"column":74}}]}},"s":{"0":0,"1":0,"2":0,"3":0,"4":0,"5":0,"6":0,"7":0,"8":0,"9":0,"10":0,"11":0,"12":0},"f":{"0":0,"1":0,"2":0},"b":{"0":[0,0],"1":[0,0]}}
,"C:\\Users\\Hp\\Documents\\POS\\POS\\packages\\frontend\\src\\pages\\Catalog.tsx": {"path":"C:\\Users\\Hp\\Documents\\POS\\POS\\packages\\frontend\\src\\pages\\Catalog.tsx","statementMap":{"0":{"start":{"line":22,"column":0},"end":{"line":22,"column":24}},"1":{"start":{"line":1,"column":0},"end":{"line":1,"column":51}},"2":{"start":{"line":2,"column":0},"end":{"line":2,"column":41}},"3":{"start":{"line":3,"column":0},"end":{"line":3,"column":47}},"4":{"start":{"line":4,"column":0},"end":{"line":4,"column":51}},"5":{"start":{"line":5,"column":0},"end":{"line":5,"column":46}},"6":{"start":{"line":6,"column":0},"end":{"line":6,"column":42}},"7":{"start":{"line":23,"column":38},"end":{"line":23,"column":62}},"8":{"start":{"line":24,"column":34},"end":{"line":24,"column":57}},"9":{"start":{"line":25,"column":50},"end":{"line":25,"column":79}},"10":{"start":{"line":26,"column":32},"end":{"line":26,"column":46}},"11":{"start":{"line":27,"column":24},"end":{"line":27,"column":32}},"12":{"start":{"line":28,"column":24},"end":{"line":28,"column":34}},"13":{"start":{"line":30,"column":2},"end":{"line":32,"column":9}},"14":{"start":{"line":31,"column":4},"end":{"line":31,"column":21}},"15":{"start":{"line":34,"column":2},"end":{"line":36,"column":25}},"16":{"start":{"line":35,"column":4},"end":{"line":35,"column":19}},"17":{"start":{"line":38,"column":25},"end":{"line":47,"column":3}},"18":{"start":{"line":39,"column":4},"end":{"line":46,"column":5}},"19":{"start":{"line":40,"column":23},"end":{"line":40,"column":56}},"20":{"start":{"line":41,"column":6},"end":{"line":43,"column":7}},"21":{"start":{"line":42,"column":8},"end":{"line":42,"column":43}},"22":{"start":{"line":45,"column":6},"end":{"line":45,"column":57}},"23":{"start":{"line":49,"column":23},"end":{"line":61,"column":3}},"24":{"start":{"line":50,"column":4},"end":{"line":50,"column":21}},"25":{"start":{"line":51,"column":4},"end":{"line":60,"column":5}},"26":{"start":{"line":52,"column":23},"end":{"line":52,"column":83}},"27":{"start":{"line":53,"column":6},"end":{"line":55,"column":7}},"28":{"start":{"line":54,"column":8},"end":{"line":54,"column":39}},"29":{"start":{"line":57,"column":6},"end":{"line":57,"column":55}},"30":{"start":{"line":59,"column":6},"end":{"line":59,"column":24}},"31":{"start":{"line":63,"column":26},"end":{"line":71,"column":3}},"32":{"start":{"line":64,"column":4},"end":{"line":69,"column":7}},"33":{"start":{"line":70,"column":4},"end":{"line":70,"column":58}},"34":{"start":{"line":73,"column":2},"end":{"line":206,"column":4}},"35":{"start":{"line":80,"column":27},"end":{"line":80,"column":52}},"36":{"start":{"line":96,"column":12},"end":{"line":97,"column":null}},"37":{"start":{"line":98,"column":29},"end":{"line":98,"column":61}},"38":{"start":{"line":135,"column":14},"end":{"line":136,"column":null}},"39":{"start":{"line":146,"column":18},"end":{"line":146,"column":71}},"40":{"start":{"line":147,"column":18},"end":{"line":147,"column":81}},"41":{"start":{"line":150,"column":18},"end":{"line":150,"column":68}},"42":{"start":{"line":151,"column":18},"end":{"line":151,"column":59}},"43":{"start":{"line":181,"column":37},"end":{"line":181,"column":61}},"44":{"start":{"line":193,"column":42},"end":{"line":193,"column":96}},"45":{"start":{"line":194,"column":41},"end":{"line":194,"column":90}}},"fnMap":{"0":{"name":"Catalog","decl":{"start":{"line":22,"column":24},"end":{"line":22,"column":31}},"loc":{"start":{"line":22,"column":31},"end":{"line":207,"column":1}}},"1":{"name":"(anonymous_1)","decl":{"start":{"line":30,"column":12},"end":{"line":30,"column":15}},"loc":{"start":{"line":30,"column":17},"end":{"line":32,"column":3}}},"2":{"name":"(anonymous_2)","decl":{"start":{"line":34,"column":12},"end":{"line":34,"column":15}},"loc":{"start":{"line":34,"column":17},"end":{"line":36,"column":3}}},"3":{"name":"(anonymous_3)","decl":{"start":{"line":38,"column":25},"end":{"line":38,"column":30}},"loc":{"start":{"line":38,"column":36},"end":{"line":47,"column":3}}},"4":{"name":"(anonymous_4)","decl":{"start":{"line":49,"column":23},"end":{"line":49,"column":28}},"loc":{"start":{"line":49,"column":34},"end":{"line":61,"column":3}}},"5":{"name":"(anonymous_5)","decl":{"start":{"line":63,"column":26},"end":{"line":63,"column":27}},"loc":{"start":{"line":63,"column":47},"end":{"line":71,"column":3}}},"6":{"name":"(anonymous_6)","decl":{"start":{"line":80,"column":21},"end":{"line":80,"column":24}},"loc":{"start":{"line":80,"column":27},"end":{"line":80,"column":52}}},"7":{"name":"(anonymous_7)","decl":{"start":{"line":95,"column":26},"end":{"line":95,"column":27}},"loc":{"start":{"line":96,"column":12},"end":{"line":97,"column":null}}},"8":{"name":"(anonymous_8)","decl":{"start":{"line":98,"column":23},"end":{"line":98,"column":26}},"loc":{"start":{"line":98,"column":29},"end":{"line":98,"column":61}}},"9":{"name":"(anonymous_9)","decl":{"start":{"line":134,"column":26},"end":{"line":134,"column":27}},"loc":{"start":{"line":135,"column":14},"end":{"line":136,"column":null}}},"10":{"name":"(anonymous_10)","decl":{"start":{"line":145,"column":29},"end":{"line":145,"column":30}},"loc":{"start":{"line":145,"column":35},"end":{"line":148,"column":17}}},"11":{"name":"(anonymous_11)","decl":{"start":{"line":149,"column":28},"end":{"line":149,"column":29}},"loc":{"start":{"line":149,"column":34},"end":{"line":152,"column":17}}},"12":{"name":"(anonymous_12)","decl":{"start":{"line":181,"column":31},"end":{"line":181,"column":34}},"loc":{"start":{"line":181,"column":37},"end":{"line":181,"column":61}}},"13":{"name":"(anonymous_13)","decl":{"start":{"line":193,"column":35},"end":{"line":193,"column":36}},"loc":{"start":{"line":193,"column":42},"end":{"line":193,"column":96}}},"14":{"name":"(anonymous_14)","decl":{"start":{"line":194,"column":34},"end":{"line":194,"column":35}},"loc":{"start":{"line":194,"column":41},"end":{"line":194,"column":90}}}},"branchMap":{"0":{"loc":{"start":{"line":41,"column":6},"end":{"line":43,"column":7}},"type":"if","locations":[{"start":{"line":41,"column":6},"end":{"line":43,"column":7}},{"start":{},"end":{}}]},"1":{"loc":{"start":{"line":52,"column":53},"end":{"line":52,"column":82}},"type":"binary-expr","locations":[{"start":{"line":52,"column":53},"end":{"line":52,"column":69}},{"start":{"line":52,"column":73},"end":{"line":52,"column":82}}]},"2":{"loc":{"start":{"line":53,"column":6},"end":{"line":55,"column":7}},"type":"if","locations":[{"start":{"line":53,"column":6},"end":{"line":55,"column":7}},{"start":{},"end":{}}]},"3":{"loc":{"start":{"line":83,"column":26},"end":{"line":83,"column":73}},"type":"cond-expr","locations":[{"start":{"line":83,"column":54},"end":{"line":83,"column":63}},{"start":{"line":83,"column":66},"end":{"line":83,"column":73}}]},"4":{"loc":{"start":{"line":84,"column":21},"end":{"line":84,"column":65}},"type":"cond-expr","locations":[{"start":{"line":84,"column":49},"end":{"line":84,"column":56}},{"start":{"line":84,"column":59},"end":{"line":84,"column":65}}]},"5":{"loc":{"start":{"line":101,"column":28},"end":{"line":101,"column":82}},"type":"cond-expr","locations":[{"start":{"line":101,"column":63},"end":{"line":101,"column":72}},{"start":{"line":101,"column":75},"end":{"line":101,"column":82}}]},"6":{"loc":{"start":{"line":102,"column":23},"end":{"line":102,"column":74}},"type":"cond-expr","locations":[{"start":{"line":102,"column":58},"end":{"line":102,"column":65}},{"start":{"line":102,"column":68},"end":{"line":102,"column":74}}]},"7":{"loc":{"start":{"line":120,"column":9},"end":{"line":202,"column":null}},"type":"cond-expr","locations":[{"start":{"line":121,"column":10},"end":{"line":121,"column":null}},{"start":{"line":124,"column":12},"end":{"line":202,"column":null}}]},"8":{"loc":{"start":{"line":124,"column":12},"end":{"line":202,"column":null}},"type":"cond-expr","locations":[{"start":{"line":125,"column":10},"end":{"line":125,"column":null}},{"start":{"line":129,"column":10},"end":{"line":201,"column":null}}]},"9":{"loc":{"start":{"line":156,"column":30},"end":{"line":156,"column":81}},"type":"cond-expr","locations":[{"start":{"line":156,"column":46},"end":{"line":156,"column":69}},{"start":{"line":156,"column":72},"end":{"line":156,"column":81}}]},"10":{"loc":{"start":{"line":165,"column":19},"end":{"line":165,"column":41}},"type":"binary-expr","locations":[{"start":{"line":165,"column":19},"end":{"line":165,"column":33}},{"start":{"line":165,"column":37},"end":{"line":165,"column":41}}]},"11":{"loc":{"start":{"line":171,"column":19},"end":{"line":174,"column":null}},"type":"binary-expr","locations":[{"start":{"line":171,"column":19},"end":{"line":171,"column":38}},{"start":{"line":172,"column":20},"end":{"line":173,"column":null}}]}},"s":{"0":0,"1":0,"2":0,"3":0,"4":0,"5":0,"6":0,"7":0,"8":0,"9":0,"10":0,"11":0,"12":0,"13":0,"14":0,"15":0,"16":0,"17":0,"18":0,"19":0,"20":0,"21":0,"22":0,"23":0,"24":0,"25":0,"26":0,"27":0,"28":0,"29":0,"30":0,"31":0,"32":0,"33":0,"34":0,"35":0,"36":0,"37":0,"38":0,"39":0,"40":0,"41":0,"42":0,"43":0,"44":0,"45":0},"f":{"0":0,"1":0,"2":0,"3":0,"4":0,"5":0,"6":0,"7":0,"8":0,"9":0,"10":0,"11":0,"12":0,"13":0,"14":0},"b":{"0":[0,0],"1":[0,0],"2":[0,0],"3":[0,0],"4":[0,0],"5":[0,0],"6":[0,0],"7":[0,0],"8":[0,0],"9":[0,0],"10":[0,0],"11":[0,0]}}
,"C:\\Users\\Hp\\Documents\\POS\\POS\\packages\\frontend\\src\\pages\\Checkout.tsx": {"path":"C:\\Users\\Hp\\Documents\\POS\\POS\\packages\\frontend\\src\\pages\\Checkout.tsx","statementMap":{"0":{"start":{"line":16,"column":0},"end":{"line":16,"column":24}},"1":{"start":{"line":1,"column":0},"end":{"line":1,"column":40}},"2":{"start":{"line":2,"column":0},"end":{"line":2,"column":60}},"3":{"start":{"line":3,"column":0},"end":{"line":3,"column":47}},"4":{"start":{"line":4,"column":0},"end":{"line":4,"column":39}},"5":{"start":{"line":5,"column":0},"end":{"line":5,"column":114}},"6":{"start":{"line":6,"column":0},"end":{"line":6,"column":46}},"7":{"start":{"line":17,"column":19},"end":{"line":17,"column":32}},"8":{"start":{"line":18,"column":19},"end":{"line":18,"column":32}},"9":{"start":{"line":19,"column":44},"end":{"line":19,"column":52}},"10":{"start":{"line":20,"column":19},"end":{"line":20,"column":67}},"11":{"start":{"line":22,"column":44},"end":{"line":22,"column":85}},"12":{"start":{"line":23,"column":38},"end":{"line":23,"column":53}},"13":{"start":{"line":24,"column":28},"end":{"line":24,"column":40}},"14":{"start":{"line":27,"column":2},"end":{"line":31,"column":33}},"15":{"start":{"line":28,"column":4},"end":{"line":30,"column":5}},"16":{"start":{"line":29,"column":6},"end":{"line":29,"column":20}},"17":{"start":{"line":33,"column":2},"end":{"line":35,"column":3}},"18":{"start":{"line":34,"column":4},"end":{"line":34,"column":16}},"19":{"start":{"line":37,"column":19},"end":{"line":37,"column":33}},"20":{"start":{"line":38,"column":23},"end":{"line":38,"column":87}},"21":{"start":{"line":39,"column":19},"end":{"line":39,"column":42}},"22":{"start":{"line":40,"column":24},"end":{"line":40,"column":43}},"23":{"start":{"line":41,"column":14},"end":{"line":41,"column":38}},"24":{"start":{"line":42,"column":16},"end":{"line":42,"column":35}},"25":{"start":{"line":44,"column":25},"end":{"line":78,"column":3}},"26":{"start":{"line":45,"column":4},"end":{"line":45,"column":24}},"27":{"start":{"line":46,"column":4},"end":{"line":46,"column":17}},"28":{"start":{"line":48,"column":4},"end":{"line":77,"column":5}},"29":{"start":{"line":49,"column":24},"end":{"line":58,"column":8}},"30":{"start":{"line":51,"column":33},"end":{"line":55,"column":10}},"31":{"start":{"line":60,"column":23},"end":{"line":60,"column":56}},"32":{"start":{"line":62,"column":6},"end":{"line":72,"column":7}},"33":{"start":{"line":63,"column":8},"end":{"line":63,"column":20}},"34":{"start":{"line":64,"column":8},"end":{"line":69,"column":11}},"35":{"start":{"line":71,"column":8},"end":{"line":71,"column":60}},"36":{"start":{"line":74,"column":6},"end":{"line":74,"column":90}},"37":{"start":{"line":76,"column":6},"end":{"line":76,"column":27}},"38":{"start":{"line":80,"column":2},"end":{"line":278,"column":4}},"39":{"start":{"line":105,"column":27},"end":{"line":105,"column":40}},"40":{"start":{"line":155,"column":16},"end":{"line":156,"column":null}},"41":{"start":{"line":186,"column":16},"end":{"line":187,"column":null}},"42":{"start":{"line":188,"column":33},"end":{"line":188,"column":57}}},"fnMap":{"0":{"name":"Checkout","decl":{"start":{"line":16,"column":24},"end":{"line":16,"column":32}},"loc":{"start":{"line":16,"column":32},"end":{"line":279,"column":1}}},"1":{"name":"(anonymous_10)","decl":{"start":{"line":27,"column":18},"end":{"line":27,"column":21}},"loc":{"start":{"line":27,"column":23},"end":{"line":31,"column":3}}},"2":{"name":"(anonymous_11)","decl":{"start":{"line":44,"column":25},"end":{"line":44,"column":30}},"loc":{"start":{"line":44,"column":36},"end":{"line":78,"column":3}}},"3":{"name":"(anonymous_12)","decl":{"start":{"line":51,"column":24},"end":{"line":51,"column":28}},"loc":{"start":{"line":51,"column":33},"end":{"line":55,"column":10}}},"4":{"name":"(anonymous_13)","decl":{"start":{"line":105,"column":21},"end":{"line":105,"column":24}},"loc":{"start":{"line":105,"column":27},"end":{"line":105,"column":40}}},"5":{"name":"(anonymous_14)","decl":{"start":{"line":154,"column":24},"end":{"line":154,"column":25}},"loc":{"start":{"line":155,"column":16},"end":{"line":156,"column":null}}},"6":{"name":"(anonymous_15)","decl":{"start":{"line":185,"column":86},"end":{"line":185,"column":87}},"loc":{"start":{"line":186,"column":16},"end":{"line":187,"column":null}}},"7":{"name":"(anonymous_16)","decl":{"start":{"line":188,"column":27},"end":{"line":188,"column":30}},"loc":{"start":{"line":188,"column":33},"end":{"line":188,"column":57}}}},"branchMap":{"0":{"loc":{"start":{"line":28,"column":4},"end":{"line":30,"column":5}},"type":"if","locations":[{"start":{"line":28,"column":4},"end":{"line":30,"column":5}},{"start":{},"end":{}}]},"1":{"loc":{"start":{"line":28,"column":8},"end":{"line":28,"column":38}},"type":"binary-expr","locations":[{"start":{"line":28,"column":8},"end":{"line":28,"column":17}},{"start":{"line":28,"column":21},"end":{"line":28,"column":38}}]},"2":{"loc":{"start":{"line":33,"column":2},"end":{"line":35,"column":3}},"type":"if","locations":[{"start":{"line":33,"column":2},"end":{"line":35,"column":3}},{"start":{},"end":{}}]},"3":{"loc":{"start":{"line":38,"column":23},"end":{"line":38,"column":87}},"type":"cond-expr","locations":[{"start":{"line":38,"column":43},"end":{"line":38,"column":58}},{"start":{"line":38,"column":61},"end":{"line":38,"column":87}}]},"4":{"loc":{"start":{"line":62,"column":6},"end":{"line":72,"column":7}},"type":"if","locations":[{"start":{"line":62,"column":6},"end":{"line":72,"column":7}},{"start":{"line":70,"column":13},"end":{"line":72,"column":7}}]},"5":{"loc":{"start":{"line":71,"column":17},"end":{"line":71,"column":58}},"type":"binary-expr","locations":[{"start":{"line":71,"column":17},"end":{"line":71,"column":31}},{"start":{"line":71,"column":35},"end":{"line":71,"column":58}}]},"6":{"loc":{"start":{"line":74,"column":15},"end":{"line":74,"column":88}},"type":"binary-expr","locations":[{"start":{"line":74,"column":15},"end":{"line":74,"column":40}},{"start":{"line":74,"column":44},"end":{"line":74,"column":88}}]},"7":{"loc":{"start":{"line":135,"column":13},"end":{"line":146,"column":null}},"type":"binary-expr","locations":[{"start":{"line":135,"column":13},"end":{"line":135,"column":30}},{"start":{"line":136,"column":14},"end":{"line":144,"column":null}}]},"8":{"loc":{"start":{"line":192,"column":32},"end":{"line":192,"column":83}},"type":"cond-expr","locations":[{"start":{"line":192,"column":59},"end":{"line":192,"column":73}},{"start":{"line":192,"column":76},"end":{"line":192,"column":83}}]},"9":{"loc":{"start":{"line":193,"column":27},"end":{"line":193,"column":83}},"type":"cond-expr","locations":[{"start":{"line":193,"column":54},"end":{"line":193,"column":61}},{"start":{"line":193,"column":64},"end":{"line":193,"column":83}}]},"10":{"loc":{"start":{"line":194,"column":41},"end":{"line":194,"column":98}},"type":"cond-expr","locations":[{"start":{"line":194,"column":68},"end":{"line":194,"column":82}},{"start":{"line":194,"column":85},"end":{"line":194,"column":98}}]},"11":{"loc":{"start":{"line":243,"column":11},"end":{"line":254,"column":null}},"type":"binary-expr","locations":[{"start":{"line":243,"column":11},"end":{"line":243,"column":16}},{"start":{"line":244,"column":12},"end":{"line":253,"column":null}}]},"12":{"loc":{"start":{"line":263,"column":26},"end":{"line":263,"column":62}},"type":"cond-expr","locations":[{"start":{"line":263,"column":39},"end":{"line":263,"column":45}},{"start":{"line":263,"column":48},"end":{"line":263,"column":62}}]},"13":{"loc":{"start":{"line":268,"column":22},"end":{"line":268,"column":60}},"type":"cond-expr","locations":[{"start":{"line":268,"column":35},"end":{"line":268,"column":48}},{"start":{"line":268,"column":51},"end":{"line":268,"column":60}}]},"14":{"loc":{"start":{"line":273,"column":13},"end":{"line":273,"column":89}},"type":"cond-expr","locations":[{"start":{"line":273,"column":26},"end":{"line":273,"column":41}},{"start":{"line":273,"column":44},"end":{"line":273,"column":89}}]}},"s":{"0":0,"1":0,"2":0,"3":0,"4":0,"5":0,"6":0,"7":0,"8":0,"9":0,"10":0,"11":0,"12":0,"13":0,"14":0,"15":0,"16":0,"17":0,"18":0,"19":0,"20":0,"21":0,"22":0,"23":0,"24":0,"25":0,"26":0,"27":0,"28":0,"29":0,"30":0,"31":0,"32":0,"33":0,"34":0,"35":0,"36":0,"37":0,"38":0,"39":0,"40":0,"41":0,"42":0},"f":{"0":0,"1":0,"2":0,"3":0,"4":0,"5":0,"6":0,"7":0},"b":{"0":[0,0],"1":[0,0],"2":[0,0],"3":[0,0],"4":[0,0],"5":[0,0],"6":[0,0],"7":[0,0],"8":[0,0],"9":[0,0],"10":[0,0],"11":[0,0],"12":[0,0],"13":[0,0],"14":[0,0]}}
,"C:\\Users\\Hp\\Documents\\POS\\POS\\packages\\frontend\\src\\pages\\Home.tsx": {"path":"C:\\Users\\Hp\\Documents\\POS\\POS\\packages\\frontend\\src\\pages\\Home.tsx","statementMap":{"0":{"start":{"line":10,"column":0},"end":{"line":10,"column":24}},"1":{"start":{"line":1,"column":0},"end":{"line":1,"column":40}},"2":{"start":{"line":2,"column":0},"end":{"line":2,"column":47}},"3":{"start":{"line":3,"column":0},"end":{"line":3,"column":51}},"4":{"start":{"line":4,"column":0},"end":{"line":4,"column":40}},"5":{"start":{"line":5,"column":0},"end":{"line":5,"column":32}},"6":{"start":{"line":6,"column":0},"end":{"line":6,"column":30}},"7":{"start":{"line":7,"column":0},"end":{"line":7,"column":38}},"8":{"start":{"line":8,"column":0},"end":{"line":8,"column":74}},"9":{"start":{"line":11,"column":36},"end":{"line":11,"column":89}},"10":{"start":{"line":12,"column":48},"end":{"line":12,"column":63}},"11":{"start":{"line":13,"column":41},"end":{"line":13,"column":49}},"12":{"start":{"line":14,"column":24},"end":{"line":14,"column":34}},"13":{"start":{"line":16,"column":23},"end":{"line":19,"column":3}},"14":{"start":{"line":17,"column":4},"end":{"line":17,"column":13}},"15":{"start":{"line":18,"column":4},"end":{"line":18,"column":52}},"16":{"start":{"line":21,"column":15},"end":{"line":25,"column":4}},"17":{"start":{"line":27,"column":2},"end":{"line":158,"column":4}},"18":{"start":{"line":46,"column":25},"end":{"line":46,"column":49}},"19":{"start":{"line":65,"column":23},"end":{"line":65,"column":48}},"20":{"start":{"line":82,"column":10},"end":{"line":83,"column":null}},"21":{"start":{"line":84,"column":27},"end":{"line":84,"column":47}}},"fnMap":{"0":{"name":"Home","decl":{"start":{"line":10,"column":24},"end":{"line":10,"column":28}},"loc":{"start":{"line":10,"column":28},"end":{"line":159,"column":1}}},"1":{"name":"(anonymous_2)","decl":{"start":{"line":16,"column":23},"end":{"line":16,"column":26}},"loc":{"start":{"line":16,"column":28},"end":{"line":19,"column":3}}},"2":{"name":"(anonymous_3)","decl":{"start":{"line":46,"column":19},"end":{"line":46,"column":22}},"loc":{"start":{"line":46,"column":25},"end":{"line":46,"column":49}}},"3":{"name":"(anonymous_4)","decl":{"start":{"line":65,"column":17},"end":{"line":65,"column":20}},"loc":{"start":{"line":65,"column":23},"end":{"line":65,"column":48}}},"4":{"name":"(anonymous_5)","decl":{"start":{"line":81,"column":18},"end":{"line":81,"column":19}},"loc":{"start":{"line":82,"column":10},"end":{"line":83,"column":null}}},"5":{"name":"(anonymous_6)","decl":{"start":{"line":84,"column":21},"end":{"line":84,"column":24}},"loc":{"start":{"line":84,"column":27},"end":{"line":84,"column":47}}}},"branchMap":{"0":{"loc":{"start":{"line":86,"column":26},"end":{"line":86,"column":72}},"type":"cond-expr","locations":[{"start":{"line":86,"column":49},"end":{"line":86,"column":56}},{"start":{"line":86,"column":59},"end":{"line":86,"column":72}}]},"1":{"loc":{"start":{"line":88,"column":28},"end":{"line":88,"column":96}},"type":"cond-expr","locations":[{"start":{"line":88,"column":51},"end":{"line":88,"column":70}},{"start":{"line":88,"column":73},"end":{"line":88,"column":96}}]},"2":{"loc":{"start":{"line":93,"column":26},"end":{"line":93,"column":62}},"type":"cond-expr","locations":[{"start":{"line":93,"column":49},"end":{"line":93,"column":54}},{"start":{"line":93,"column":57},"end":{"line":93,"column":62}}]},"3":{"loc":{"start":{"line":94,"column":21},"end":{"line":94,"column":62}},"type":"cond-expr","locations":[{"start":{"line":94,"column":44},"end":{"line":94,"column":53}},{"start":{"line":94,"column":56},"end":{"line":94,"column":62}}]},"4":{"loc":{"start":{"line":107,"column":13},"end":{"line":125,"column":null}},"type":"binary-expr","locations":[{"start":{"line":107,"column":13},"end":{"line":107,"column":31}},{"start":{"line":108,"column":14},"end":{"line":124,"column":null}}]},"5":{"loc":{"start":{"line":124,"column":17},"end":{"line":124,"column":100}},"type":"cond-expr","locations":[{"start":{"line":124,"column":57},"end":{"line":124,"column":83}},{"start":{"line":124,"column":86},"end":{"line":124,"column":100}}]},"6":{"loc":{"start":{"line":135,"column":11},"end":{"line":135,"column":49}},"type":"binary-expr","locations":[{"start":{"line":135,"column":11},"end":{"line":135,"column":34}},{"start":{"line":135,"column":38},"end":{"line":135,"column":49}}]},"7":{"loc":{"start":{"line":136,"column":11},"end":{"line":136,"column":47}},"type":"binary-expr","locations":[{"start":{"line":136,"column":11},"end":{"line":136,"column":33}},{"start":{"line":136,"column":37},"end":{"line":136,"column":47}}]},"8":{"loc":{"start":{"line":137,"column":11},"end":{"line":141,"column":null}},"type":"binary-expr","locations":[{"start":{"line":137,"column":11},"end":{"line":137,"column":34}},{"start":{"line":138,"column":12},"end":{"line":140,"column":null}}]},"9":{"loc":{"start":{"line":146,"column":9},"end":{"line":154,"column":null}},"type":"binary-expr","locations":[{"start":{"line":146,"column":9},"end":{"line":146,"column":32}},{"start":{"line":147,"column":10},"end":{"line":153,"column":null}}]}},"s":{"0":0,"1":0,"2":0,"3":0,"4":0,"5":0,"6":0,"7":0,"8":0,"9":0,"10":0,"11":0,"12":0,"13":0,"14":0,"15":0,"16":0,"17":0,"18":0,"19":0,"20":0,"21":0},"f":{"0":0,"1":0,"2":0,"3":0,"4":0,"5":0},"b":{"0":[0,0],"1":[0,0],"2":[0,0],"3":[0,0],"4":[0,0],"5":[0,0],"6":[0,0],"7":[0,0],"8":[0,0],"9":[0,0]}}
,"C:\\Users\\Hp\\Documents\\POS\\POS\\packages\\frontend\\src\\pages\\Login.tsx": {"path":"C:\\Users\\Hp\\Documents\\POS\\POS\\packages\\frontend\\src\\pages\\Login.tsx","statementMap":{"0":{"start":{"line":6,"column":0},"end":{"line":6,"column":24}},"1":{"start":{"line":1,"column":0},"end":{"line":1,"column":40}},"2":{"start":{"line":2,"column":0},"end":{"line":2,"column":47}},"3":{"start":{"line":3,"column":0},"end":{"line":3,"column":47}},"4":{"start":{"line":4,"column":0},"end":{"line":4,"column":37}},"5":{"start":{"line":7,"column":34},"end":{"line":7,"column":46}},"6":{"start":{"line":8,"column":34},"end":{"line":8,"column":46}},"7":{"start":{"line":9,"column":28},"end":{"line":9,"column":40}},"8":{"start":{"line":10,"column":32},"end":{"line":10,"column":47}},"9":{"start":{"line":11,"column":20},"end":{"line":11,"column":28}},"10":{"start":{"line":12,"column":19},"end":{"line":12,"column":32}},"11":{"start":{"line":14,"column":17},"end":{"line":32,"column":3}},"12":{"start":{"line":15,"column":4},"end":{"line":15,"column":23}},"13":{"start":{"line":16,"column":4},"end":{"line":16,"column":17}},"14":{"start":{"line":17,"column":4},"end":{"line":17,"column":21}},"15":{"start":{"line":19,"column":4},"end":{"line":31,"column":5}},"16":{"start":{"line":20,"column":23},"end":{"line":20,"column":62}},"17":{"start":{"line":21,"column":6},"end":{"line":26,"column":7}},"18":{"start":{"line":22,"column":8},"end":{"line":22,"column":45}},"19":{"start":{"line":23,"column":8},"end":{"line":23,"column":22}},"20":{"start":{"line":25,"column":8},"end":{"line":25,"column":51}},"21":{"start":{"line":28,"column":6},"end":{"line":28,"column":79}},"22":{"start":{"line":30,"column":6},"end":{"line":30,"column":24}},"23":{"start":{"line":34,"column":2},"end":{"line":143,"column":4}},"24":{"start":{"line":70,"column":31},"end":{"line":70,"column":58}},"25":{"start":{"line":91,"column":31},"end":{"line":91,"column":58}}},"fnMap":{"0":{"name":"Login","decl":{"start":{"line":6,"column":24},"end":{"line":6,"column":29}},"loc":{"start":{"line":6,"column":29},"end":{"line":144,"column":1}}},"1":{"name":"(anonymous_1)","decl":{"start":{"line":14,"column":17},"end":{"line":14,"column":22}},"loc":{"start":{"line":14,"column":46},"end":{"line":32,"column":3}}},"2":{"name":"(anonymous_2)","decl":{"start":{"line":70,"column":24},"end":{"line":70,"column":25}},"loc":{"start":{"line":70,"column":31},"end":{"line":70,"column":58}}},"3":{"name":"(anonymous_3)","decl":{"start":{"line":91,"column":24},"end":{"line":91,"column":25}},"loc":{"start":{"line":91,"column":31},"end":{"line":91,"column":58}}}},"branchMap":{"0":{"loc":{"start":{"line":21,"column":6},"end":{"line":26,"column":7}},"type":"if","locations":[{"start":{"line":21,"column":6},"end":{"line":26,"column":7}},{"start":{"line":24,"column":13},"end":{"line":26,"column":7}}]},"1":{"loc":{"start":{"line":25,"column":17},"end":{"line":25,"column":49}},"type":"binary-expr","locations":[{"start":{"line":25,"column":17},"end":{"line":25,"column":31}},{"start":{"line":25,"column":35},"end":{"line":25,"column":49}}]},"2":{"loc":{"start":{"line":28,"column":15},"end":{"line":28,"column":77}},"type":"binary-expr","locations":[{"start":{"line":28,"column":15},"end":{"line":28,"column":40}},{"start":{"line":28,"column":44},"end":{"line":28,"column":77}}]},"3":{"loc":{"start":{"line":105,"column":11},"end":{"line":115,"column":null}},"type":"binary-expr","locations":[{"start":{"line":105,"column":11},"end":{"line":105,"column":16}},{"start":{"line":106,"column":12},"end":{"line":114,"column":null}}]},"4":{"loc":{"start":{"line":124,"column":26},"end":{"line":124,"column":96}},"type":"cond-expr","locations":[{"start":{"line":124,"column":36},"end":{"line":124,"column":42}},{"start":{"line":124,"column":45},"end":{"line":124,"column":96}}]},"5":{"loc":{"start":{"line":130,"column":22},"end":{"line":130,"column":57}},"type":"cond-expr","locations":[{"start":{"line":130,"column":32},"end":{"line":130,"column":45}},{"start":{"line":130,"column":48},"end":{"line":130,"column":57}}]},"6":{"loc":{"start":{"line":134,"column":13},"end":{"line":134,"column":48}},"type":"cond-expr","locations":[{"start":{"line":134,"column":23},"end":{"line":134,"column":38}},{"start":{"line":134,"column":41},"end":{"line":134,"column":48}}]}},"s":{"0":0,"1":0,"2":0,"3":0,"4":0,"5":0,"6":0,"7":0,"8":0,"9":0,"10":0,"11":0,"12":0,"13":0,"14":0,"15":0,"16":0,"17":0,"18":0,"19":0,"20":0,"21":0,"22":0,"23":0,"24":0,"25":0},"f":{"0":0,"1":0,"2":0,"3":0},"b":{"0":[0,0],"1":[0,0],"2":[0,0],"3":[0,0],"4":[0,0],"5":[0,0],"6":[0,0]}}
,"C:\\Users\\Hp\\Documents\\POS\\POS\\packages\\frontend\\src\\pages\\OrderConfirmation.tsx": {"path":"C:\\Users\\Hp\\Documents\\POS\\POS\\packages\\frontend\\src\\pages\\OrderConfirmation.tsx","statementMap":{"0":{"start":{"line":12,"column":0},"end":{"line":12,"column":24}},"1":{"start":{"line":1,"column":0},"end":{"line":1,"column":26}},"2":{"start":{"line":2,"column":0},"end":{"line":2,"column":60}},"3":{"start":{"line":13,"column":19},"end":{"line":13,"column":32}},"4":{"start":{"line":14,"column":19},"end":{"line":14,"column":32}},"5":{"start":{"line":15,"column":35},"end":{"line":15,"column":55}},"6":{"start":{"line":17,"column":2},"end":{"line":21,"column":24}},"7":{"start":{"line":18,"column":4},"end":{"line":20,"column":5}},"8":{"start":{"line":19,"column":6},"end":{"line":19,"column":20}},"9":{"start":{"line":23,"column":2},"end":{"line":25,"column":3}},"10":{"start":{"line":24,"column":4},"end":{"line":24,"column":16}},"11":{"start":{"line":27,"column":2},"end":{"line":159,"column":4}},"12":{"start":{"line":120,"column":29},"end":{"line":120,"column":42}},"13":{"start":{"line":137,"column":16},"end":{"line":137,"column":30}},"14":{"start":{"line":139,"column":16},"end":{"line":139,"column":31}}},"fnMap":{"0":{"name":"OrderConfirmation","decl":{"start":{"line":12,"column":24},"end":{"line":12,"column":41}},"loc":{"start":{"line":12,"column":41},"end":{"line":160,"column":1}}},"1":{"name":"(anonymous_2)","decl":{"start":{"line":17,"column":18},"end":{"line":17,"column":21}},"loc":{"start":{"line":17,"column":23},"end":{"line":21,"column":3}}},"2":{"name":"(anonymous_3)","decl":{"start":{"line":120,"column":23},"end":{"line":120,"column":26}},"loc":{"start":{"line":120,"column":29},"end":{"line":120,"column":42}}},"3":{"name":"(anonymous_4)","decl":{"start":{"line":136,"column":23},"end":{"line":136,"column":26}},"loc":{"start":{"line":136,"column":28},"end":{"line":140,"column":15}}}},"branchMap":{"0":{"loc":{"start":{"line":15,"column":35},"end":{"line":15,"column":55}},"type":"binary-expr","locations":[{"start":{"line":15,"column":35},"end":{"line":15,"column":49}},{"start":{"line":15,"column":53},"end":{"line":15,"column":55}}]},"1":{"loc":{"start":{"line":18,"column":4},"end":{"line":20,"column":5}},"type":"if","locations":[{"start":{"line":18,"column":4},"end":{"line":20,"column":5}},{"start":{},"end":{}}]},"2":{"loc":{"start":{"line":23,"column":2},"end":{"line":25,"column":3}},"type":"if","locations":[{"start":{"line":23,"column":2},"end":{"line":25,"column":3}},{"start":{},"end":{}}]},"3":{"loc":{"start":{"line":73,"column":13},"end":{"line":79,"column":null}},"type":"binary-expr","locations":[{"start":{"line":73,"column":13},"end":{"line":73,"column":26}},{"start":{"line":74,"column":14},"end":{"line":78,"column":null}}]}},"s":{"0":0,"1":0,"2":0,"3":0,"4":0,"5":0,"6":0,"7":0,"8":0,"9":0,"10":0,"11":0,"12":0,"13":0,"14":0},"f":{"0":0,"1":0,"2":0,"3":0},"b":{"0":[0,0],"1":[0,0],"2":[0,0],"3":[0,0]}}
,"C:\\Users\\Hp\\Documents\\POS\\POS\\packages\\frontend\\src\\pages\\Orders.tsx": {"path":"C:\\Users\\Hp\\Documents\\POS\\POS\\packages\\frontend\\src\\pages\\Orders.tsx","statementMap":{"0":{"start":{"line":23,"column":0},"end":{"line":23,"column":24}},"1":{"start":{"line":1,"column":0},"end":{"line":1,"column":51}},"2":{"start":{"line":2,"column":0},"end":{"line":2,"column":39}},"3":{"start":{"line":24,"column":30},"end":{"line":24,"column":51}},"4":{"start":{"line":25,"column":32},"end":{"line":25,"column":46}},"5":{"start":{"line":26,"column":44},"end":{"line":26,"column":72}},"6":{"start":{"line":28,"column":2},"end":{"line":30,"column":9}},"7":{"start":{"line":29,"column":4},"end":{"line":29,"column":17}},"8":{"start":{"line":32,"column":21},"end":{"line":44,"column":3}},"9":{"start":{"line":33,"column":4},"end":{"line":33,"column":21}},"10":{"start":{"line":34,"column":4},"end":{"line":43,"column":5}},"11":{"start":{"line":35,"column":23},"end":{"line":35,"column":47}},"12":{"start":{"line":36,"column":6},"end":{"line":38,"column":7}},"13":{"start":{"line":37,"column":8},"end":{"line":37,"column":35}},"14":{"start":{"line":40,"column":6},"end":{"line":40,"column":53}},"15":{"start":{"line":42,"column":6},"end":{"line":42,"column":24}},"16":{"start":{"line":46,"column":21},"end":{"line":55,"column":3}},"17":{"start":{"line":47,"column":17},"end":{"line":47,"column":37}},"18":{"start":{"line":48,"column":4},"end":{"line":54,"column":7}},"19":{"start":{"line":57,"column":2},"end":{"line":210,"column":4}},"20":{"start":{"line":89,"column":12},"end":{"line":90,"column":null}},"21":{"start":{"line":91,"column":29},"end":{"line":91,"column":92}},"22":{"start":{"line":155,"column":22},"end":{"line":156,"column":null}}},"fnMap":{"0":{"name":"Orders","decl":{"start":{"line":23,"column":24},"end":{"line":23,"column":30}},"loc":{"start":{"line":23,"column":30},"end":{"line":211,"column":1}}},"1":{"name":"(anonymous_1)","decl":{"start":{"line":28,"column":12},"end":{"line":28,"column":15}},"loc":{"start":{"line":28,"column":17},"end":{"line":30,"column":3}}},"2":{"name":"(anonymous_2)","decl":{"start":{"line":32,"column":21},"end":{"line":32,"column":26}},"loc":{"start":{"line":32,"column":32},"end":{"line":44,"column":3}}},"3":{"name":"(anonymous_3)","decl":{"start":{"line":46,"column":21},"end":{"line":46,"column":22}},"loc":{"start":{"line":46,"column":44},"end":{"line":55,"column":3}}},"4":{"name":"(anonymous_4)","decl":{"start":{"line":88,"column":22},"end":{"line":88,"column":23}},"loc":{"start":{"line":89,"column":12},"end":{"line":90,"column":null}}},"5":{"name":"(anonymous_5)","decl":{"start":{"line":91,"column":23},"end":{"line":91,"column":26}},"loc":{"start":{"line":91,"column":29},"end":{"line":91,"column":92}}},"6":{"name":"(anonymous_6)","decl":{"start":{"line":154,"column":37},"end":{"line":154,"column":38}},"loc":{"start":{"line":155,"column":22},"end":{"line":156,"column":null}}}},"branchMap":{"0":{"loc":{"start":{"line":36,"column":6},"end":{"line":38,"column":7}},"type":"if","locations":[{"start":{"line":36,"column":6},"end":{"line":38,"column":7}},{"start":{},"end":{}}]},"1":{"loc":{"start":{"line":78,"column":7},"end":{"line":207,"column":null}},"type":"cond-expr","locations":[{"start":{"line":79,"column":8},"end":{"line":79,"column":null}},{"start":{"line":82,"column":10},"end":{"line":207,"column":null}}]},"2":{"loc":{"start":{"line":82,"column":10},"end":{"line":207,"column":null}},"type":"cond-expr","locations":[{"start":{"line":83,"column":8},"end":{"line":83,"column":null}},{"start":{"line":87,"column":8},"end":{"line":206,"column":null}}]},"3":{"loc":{"start":{"line":91,"column":46},"end":{"line":91,"column":91}},"type":"cond-expr","locations":[{"start":{"line":91,"column":79},"end":{"line":91,"column":83}},{"start":{"line":91,"column":86},"end":{"line":91,"column":91}}]},"4":{"loc":{"start":{"line":94,"column":24},"end":{"line":94,"column":98}},"type":"cond-expr","locations":[{"start":{"line":94,"column":57},"end":{"line":94,"column":76}},{"start":{"line":94,"column":79},"end":{"line":94,"column":98}}]},"5":{"loc":{"start":{"line":134,"column":17},"end":{"line":141,"column":null}},"type":"binary-expr","locations":[{"start":{"line":134,"column":17},"end":{"line":134,"column":36}},{"start":{"line":135,"column":18},"end":{"line":140,"column":null}}]},"6":{"loc":{"start":{"line":146,"column":15},"end":{"line":203,"column":null}},"type":"binary-expr","locations":[{"start":{"line":146,"column":15},"end":{"line":146,"column":45}},{"start":{"line":147,"column":16},"end":{"line":202,"column":null}}]},"7":{"loc":{"start":{"line":161,"column":40},"end":{"line":161,"column":101}},"type":"cond-expr","locations":[{"start":{"line":161,"column":73},"end":{"line":161,"column":92}},{"start":{"line":161,"column":95},"end":{"line":161,"column":101}}]},"8":{"loc":{"start":{"line":180,"column":21},"end":{"line":184,"column":null}},"type":"binary-expr","locations":[{"start":{"line":180,"column":21},"end":{"line":180,"column":39}},{"start":{"line":181,"column":22},"end":{"line":183,"column":null}}]}},"s":{"0":0,"1":0,"2":0,"3":0,"4":0,"5":0,"6":0,"7":0,"8":0,"9":0,"10":0,"11":0,"12":0,"13":0,"14":0,"15":0,"16":0,"17":0,"18":0,"19":0,"20":0,"21":0,"22":0},"f":{"0":0,"1":0,"2":0,"3":0,"4":0,"5":0,"6":0},"b":{"0":[0,0],"1":[0,0],"2":[0,0],"3":[0,0],"4":[0,0],"5":[0,0],"6":[0,0],"7":[0,0],"8":[0,0]}}
}
