TN:
SF:src\components\Cart.tsx
FN:19,Cart
FN:36,(anonymous_2)
FN:68,(anonymous_3)
FN:113,(anonymous_4)
FN:126,(anonymous_5)
FN:140,(anonymous_6)
FN:172,(anonymous_7)
FN:201,(anonymous_8)
FN:221,(anonymous_9)
FN:238,(anonymous_10)
FN:274,(anonymous_11)
FN:328,(anonymous_12)
FN:353,(anonymous_13)
FN:369,(anonymous_14)
FN:394,(anonymous_15)
FN:447,(anonymous_16)
FN:549,(anonymous_17)
FN:570,(anonymous_18)
FNF:18
FNH:3
FNDA:15,Cart
FNDA:0,(anonymous_2)
FNDA:0,(anonymous_3)
FNDA:0,(anonymous_4)
FNDA:0,(anonymous_5)
FNDA:8,(anonymous_6)
FNDA:8,(anonymous_7)
FNDA:0,(anonymous_8)
FNDA:0,(anonymous_9)
FNDA:0,(anonymous_10)
FNDA:0,(anonymous_11)
FNDA:0,(anonymous_12)
FNDA:0,(anonymous_13)
FNDA:0,(anonymous_14)
FNDA:0,(anonymous_15)
FNDA:0,(anonymous_16)
FNDA:0,(anonymous_17)
FNDA:0,(anonymous_18)
DA:1,1
DA:2,1
DA:3,1
DA:4,1
DA:5,1
DA:6,1
DA:7,1
DA:8,1
DA:19,1
DA:20,15
DA:21,14
DA:22,14
DA:23,14
DA:24,14
DA:25,14
DA:26,14
DA:27,14
DA:33,14
DA:34,14
DA:36,14
DA:38,0
DA:39,0
DA:40,0
DA:41,0
DA:42,0
DA:45,0
DA:46,0
DA:47,0
DA:48,0
DA:49,0
DA:50,0
DA:51,0
DA:52,0
DA:55,0
DA:56,0
DA:57,0
DA:60,0
DA:61,0
DA:62,0
DA:64,0
DA:68,14
DA:70,0
DA:72,0
DA:73,0
DA:74,0
DA:77,0
DA:78,0
DA:79,0
DA:82,0
DA:83,0
DA:84,0
DA:85,0
DA:89,0
DA:90,0
DA:91,0
DA:92,0
DA:95,0
DA:96,0
DA:97,0
DA:101,0
DA:102,0
DA:103,0
DA:104,0
DA:105,0
DA:108,0
DA:109,0
DA:113,14
DA:114,0
DA:115,0
DA:116,0
DA:118,0
DA:119,0
DA:120,0
DA:123,0
DA:126,14
DA:127,0
DA:128,0
DA:129,0
DA:132,14
DA:135,14
DA:136,14
DA:137,14
DA:138,14
DA:139,14
DA:140,14
DA:141,14
DA:143,14
DA:173,8
DA:201,0
DA:221,0
DA:238,0
DA:275,0
DA:276,0
DA:277,0
DA:329,0
DA:330,0
DA:331,0
DA:353,0
DA:370,0
DA:371,0
DA:372,0
DA:394,0
DA:448,0
DA:449,0
DA:450,0
DA:549,0
DA:570,0
LF:107
LH:33
BRDA:39,0,0,0
BRDA:39,0,1,0
BRDA:40,1,0,0
BRDA:40,1,1,0
BRDA:41,2,0,0
BRDA:41,2,1,0
BRDA:49,3,0,0
BRDA:49,3,1,0
BRDA:49,4,0,0
BRDA:49,4,1,0
BRDA:73,5,0,0
BRDA:73,5,1,0
BRDA:78,6,0,0
BRDA:78,6,1,0
BRDA:82,7,0,0
BRDA:82,7,1,0
BRDA:84,8,0,0
BRDA:84,8,1,0
BRDA:89,9,0,0
BRDA:89,9,1,0
BRDA:101,10,0,0
BRDA:101,10,1,0
BRDA:114,11,0,0
BRDA:114,11,1,0
BRDA:118,12,0,0
BRDA:118,12,1,0
BRDA:135,13,0,0
BRDA:135,13,1,14
BRDA:135,14,0,0
BRDA:135,14,1,14
BRDA:141,15,0,0
BRDA:141,15,1,14
BRDA:159,16,0,4
BRDA:159,16,1,10
BRDA:165,17,0,8
BRDA:165,17,1,6
BRDA:181,18,0,8
BRDA:181,18,1,8
BRDA:266,19,0,14
BRDA:266,19,1,0
BRDA:269,20,0,0
BRDA:269,20,1,14
BRDA:276,21,0,0
BRDA:276,21,1,0
BRDA:283,22,0,0
BRDA:283,22,1,14
BRDA:293,23,0,0
BRDA:293,23,1,14
BRDA:298,24,0,0
BRDA:298,24,1,14
BRDA:303,25,0,0
BRDA:303,25,1,14
BRDA:306,26,0,14
BRDA:306,26,1,0
BRDA:313,27,0,14
BRDA:313,27,1,0
BRDA:330,28,0,0
BRDA:330,28,1,0
BRDA:337,29,0,0
BRDA:337,29,1,0
BRDA:343,30,0,0
BRDA:343,30,1,0
BRDA:371,31,0,0
BRDA:371,31,1,0
BRDA:378,32,0,0
BRDA:378,32,1,0
BRDA:384,33,0,0
BRDA:384,33,1,0
BRDA:432,34,0,0
BRDA:432,34,1,0
BRDA:485,35,0,14
BRDA:485,35,1,0
BRDA:485,35,2,0
BRDA:521,36,0,14
BRDA:521,36,1,0
BRDA:521,36,2,0
BRDA:530,37,0,14
BRDA:530,37,1,6
BRDA:533,38,0,14
BRDA:533,38,1,0
BRDA:533,39,0,14
BRDA:533,39,1,6
BRDA:538,40,0,14
BRDA:538,40,1,0
BRDA:538,41,0,14
BRDA:538,41,1,6
BRDA:547,42,0,14
BRDA:547,42,1,6
BRF:88
BRH:29
end_of_record
TN:
SF:src\components\Modal.tsx
FN:15,Modal
FN:27,(anonymous_1)
FN:59,(anonymous_2)
FN:102,(anonymous_3)
FNF:4
FNH:1
FNDA:14,Modal
FNDA:0,(anonymous_1)
FNDA:0,(anonymous_2)
FNDA:0,(anonymous_3)
DA:2,1
DA:15,1
DA:25,14
DA:27,0
DA:28,0
DA:30,0
DA:32,0
DA:34,0
DA:38,0
DA:59,0
DA:103,0
DA:104,0
LF:12
LH:3
BRDA:21,0,0,0
BRDA:22,1,0,0
BRDA:23,2,0,0
BRDA:25,3,0,14
BRDA:25,3,1,0
BRDA:28,4,0,0
BRDA:28,4,1,0
BRDA:28,4,2,0
BRF:8
BRH:1
end_of_record
TN:
SF:src\context\AppContext.tsx
FN:34,(anonymous_0)
FN:40,(anonymous_1)
FN:60,(anonymous_2)
FN:64,(anonymous_3)
FN:71,(anonymous_4)
FN:80,(anonymous_5)
FN:81,(anonymous_6)
FN:82,(anonymous_7)
FN:84,(anonymous_8)
FN:92,(anonymous_9)
FN:93,(anonymous_10)
FN:93,(anonymous_11)
FN:96,(anonymous_12)
FN:100,(anonymous_13)
FN:101,(anonymous_14)
FN:106,(anonymous_15)
FN:110,(anonymous_16)
FN:111,(anonymous_17)
FN:114,(anonymous_18)
FN:115,(anonymous_19)
FN:139,(anonymous_20)
FNF:21
FNH:6
FNDA:14,(anonymous_0)
FNDA:8,(anonymous_1)
FNDA:14,(anonymous_2)
FNDA:0,(anonymous_3)
FNDA:0,(anonymous_4)
FNDA:0,(anonymous_5)
FNDA:0,(anonymous_6)
FNDA:0,(anonymous_7)
FNDA:0,(anonymous_8)
FNDA:0,(anonymous_9)
FNDA:0,(anonymous_10)
FNDA:0,(anonymous_11)
FNDA:0,(anonymous_12)
FNDA:0,(anonymous_13)
FNDA:0,(anonymous_14)
FNDA:0,(anonymous_15)
FNDA:14,(anonymous_16)
FNDA:8,(anonymous_17)
FNDA:0,(anonymous_18)
FNDA:0,(anonymous_19)
FNDA:15,(anonymous_20)
DA:1,1
DA:2,1
DA:32,1
DA:34,1
DA:35,14
DA:36,14
DA:37,14
DA:40,14
DA:41,8
DA:42,8
DA:43,8
DA:45,8
DA:46,0
DA:47,0
DA:50,8
DA:51,6
DA:52,6
DA:54,0
DA:60,14
DA:61,14
DA:64,14
DA:65,0
DA:66,0
DA:67,0
DA:68,0
DA:71,14
DA:72,0
DA:73,0
DA:74,0
DA:75,0
DA:76,0
DA:77,0
DA:80,14
DA:81,0
DA:82,0
DA:83,0
DA:84,0
DA:85,0
DA:88,0
DA:92,14
DA:93,0
DA:96,14
DA:97,0
DA:98,0
DA:100,0
DA:101,0
DA:106,14
DA:107,0
DA:110,14
DA:111,14
DA:114,14
DA:115,0
DA:118,14
DA:139,1
DA:140,15
DA:141,14
DA:142,0
DA:144,14
LF:58
LH:31
BRDA:45,0,0,0
BRDA:45,0,1,8
BRDA:45,1,0,8
BRDA:45,1,1,0
BRDA:50,2,0,6
BRDA:50,2,1,2
BRDA:83,3,0,0
BRDA:83,3,1,0
BRDA:85,4,0,0
BRDA:85,4,1,0
BRDA:97,5,0,0
BRDA:97,5,1,0
BRDA:101,6,0,0
BRDA:101,6,1,0
BRDA:141,7,0,0
BRDA:141,7,1,14
BRF:16
BRH:5
end_of_record
TN:
SF:src\context\ToastContext.tsx
FN:15,(anonymous_0)
FN:23,(anonymous_1)
FN:26,(anonymous_2)
FN:30,(anonymous_3)
FN:33,(anonymous_4)
FN:34,(anonymous_5)
FN:34,(anonymous_6)
FN:38,(anonymous_7)
FN:73,(anonymous_8)
FNF:9
FNH:2
FNDA:14,(anonymous_0)
FNDA:8,(anonymous_1)
FNDA:0,(anonymous_2)
FNDA:0,(anonymous_3)
FNDA:0,(anonymous_4)
FNDA:0,(anonymous_5)
FNDA:0,(anonymous_6)
FNDA:0,(anonymous_7)
FNDA:0,(anonymous_8)
DA:1,1
DA:13,1
DA:15,1
DA:16,14
DA:17,14
DA:18,0
DA:20,14
DA:23,1
DA:24,8
DA:26,8
DA:27,0
DA:28,0
DA:30,0
DA:33,0
DA:34,0
DA:38,8
DA:39,0
DA:50,0
DA:52,0
DA:54,0
DA:56,0
DA:58,0
DA:62,8
DA:74,0
LF:24
LH:11
BRDA:17,0,0,0
BRDA:17,0,1,14
BRDA:26,1,0,0
BRDA:50,2,0,0
BRDA:50,2,1,0
BRDA:50,2,2,0
BRDA:50,2,3,0
BRF:7
BRH:1
end_of_record
TN:
SF:src\lib\api.ts
FN:14,(anonymous_1)
FN:24,(anonymous_2)
FN:32,(anonymous_3)
FN:36,(anonymous_4)
FN:42,(anonymous_5)
FN:50,(anonymous_6)
FN:54,(anonymous_7)
FN:68,(anonymous_8)
FN:77,(anonymous_9)
FN:81,(anonymous_10)
FNF:10
FNH:0
FNDA:0,(anonymous_1)
FNDA:0,(anonymous_2)
FNDA:0,(anonymous_3)
FNDA:0,(anonymous_4)
FNDA:0,(anonymous_5)
FNDA:0,(anonymous_6)
FNDA:0,(anonymous_7)
FNDA:0,(anonymous_8)
FNDA:0,(anonymous_9)
FNDA:0,(anonymous_10)
DA:1,0
DA:3,0
DA:6,0
DA:14,0
DA:15,0
DA:16,0
DA:17,0
DA:19,0
DA:23,0
DA:25,0
DA:26,0
DA:31,0
DA:33,0
DA:34,0
DA:37,0
DA:40,0
DA:43,0
DA:44,0
DA:49,0
DA:51,0
DA:52,0
DA:61,0
DA:62,0
DA:67,0
DA:74,0
DA:75,0
DA:78,0
DA:79,0
DA:82,0
DA:83,0
DA:87,0
LF:31
LH:0
BRDA:16,0,0,0
BRDA:16,0,1,0
BRDA:38,1,0,0
BRDA:38,1,1,0
BRF:4
BRH:0
end_of_record
TN:
SF:src\lib\constants.ts
FNF:0
FNH:0
DA:3,2
DA:4,2
DA:5,2
DA:7,2
DA:13,2
DA:14,2
DA:16,2
DA:25,2
DA:31,2
DA:45,2
LF:10
LH:10
BRF:0
BRH:0
end_of_record
TN:
SF:src\lib\utils.ts
FN:3,(anonymous_0)
FN:17,(anonymous_1)
FN:31,(anonymous_2)
FN:38,(anonymous_3)
FN:46,(anonymous_4)
FN:50,(anonymous_5)
FNF:6
FNH:4
FNDA:6,(anonymous_0)
FNDA:6,(anonymous_1)
FNDA:0,(anonymous_2)
FNDA:0,(anonymous_3)
FNDA:47,(anonymous_4)
FNDA:2,(anonymous_5)
DA:1,2
DA:3,2
DA:4,6
DA:5,1
DA:8,5
DA:10,5
DA:11,3
DA:14,2
DA:17,2
DA:18,6
DA:19,1
DA:22,5
DA:24,5
DA:25,3
DA:28,2
DA:31,2
DA:32,0
DA:33,0
DA:35,0
DA:38,2
DA:39,0
DA:40,0
DA:41,0
DA:43,0
DA:46,2
DA:47,47
DA:50,2
DA:51,2
DA:52,2
LF:29
LH:22
BRDA:4,0,0,1
BRDA:4,0,1,5
BRDA:4,1,0,6
BRDA:4,1,1,5
BRDA:10,2,0,3
BRDA:10,2,1,2
BRDA:18,3,0,1
BRDA:18,3,1,5
BRDA:18,4,0,6
BRDA:18,4,1,5
BRDA:24,5,0,3
BRDA:24,5,1,2
BRDA:31,6,0,0
BRDA:32,7,0,0
BRDA:32,7,1,0
BRDA:32,8,0,0
BRDA:32,8,1,0
BRDA:40,9,0,0
BRDA:40,9,1,0
BRF:19
BRH:12
end_of_record
TN:
SF:src\pages\App.tsx
FN:10,PrivateRoute
FN:15,AppRoutes
FN:28,App
FNF:3
FNH:0
FNDA:0,PrivateRoute
FNDA:0,AppRoutes
FNDA:0,App
DA:2,0
DA:3,0
DA:4,0
DA:5,0
DA:6,0
DA:7,0
DA:8,0
DA:11,0
DA:12,0
DA:16,0
DA:18,0
DA:28,0
DA:29,0
LF:13
LH:0
BRDA:12,0,0,0
BRDA:12,0,1,0
BRDA:20,1,0,0
BRDA:20,1,1,0
BRF:4
BRH:0
end_of_record
TN:
SF:src\pages\Catalog.tsx
FN:22,Catalog
FN:30,(anonymous_1)
FN:34,(anonymous_2)
FN:38,(anonymous_3)
FN:49,(anonymous_4)
FN:63,(anonymous_5)
FN:80,(anonymous_6)
FN:95,(anonymous_7)
FN:98,(anonymous_8)
FN:134,(anonymous_9)
FN:145,(anonymous_10)
FN:149,(anonymous_11)
FN:181,(anonymous_12)
FN:193,(anonymous_13)
FN:194,(anonymous_14)
FNF:15
FNH:0
FNDA:0,Catalog
FNDA:0,(anonymous_1)
FNDA:0,(anonymous_2)
FNDA:0,(anonymous_3)
FNDA:0,(anonymous_4)
FNDA:0,(anonymous_5)
FNDA:0,(anonymous_6)
FNDA:0,(anonymous_7)
FNDA:0,(anonymous_8)
FNDA:0,(anonymous_9)
FNDA:0,(anonymous_10)
FNDA:0,(anonymous_11)
FNDA:0,(anonymous_12)
FNDA:0,(anonymous_13)
FNDA:0,(anonymous_14)
DA:1,0
DA:2,0
DA:3,0
DA:4,0
DA:5,0
DA:6,0
DA:22,0
DA:23,0
DA:24,0
DA:25,0
DA:26,0
DA:27,0
DA:28,0
DA:30,0
DA:31,0
DA:34,0
DA:35,0
DA:38,0
DA:39,0
DA:40,0
DA:41,0
DA:42,0
DA:45,0
DA:49,0
DA:50,0
DA:51,0
DA:52,0
DA:53,0
DA:54,0
DA:57,0
DA:59,0
DA:63,0
DA:64,0
DA:70,0
DA:73,0
DA:80,0
DA:96,0
DA:98,0
DA:135,0
DA:146,0
DA:147,0
DA:150,0
DA:151,0
DA:181,0
DA:193,0
DA:194,0
LF:46
LH:0
BRDA:41,0,0,0
BRDA:41,0,1,0
BRDA:52,1,0,0
BRDA:52,1,1,0
BRDA:53,2,0,0
BRDA:53,2,1,0
BRDA:83,3,0,0
BRDA:83,3,1,0
BRDA:84,4,0,0
BRDA:84,4,1,0
BRDA:101,5,0,0
BRDA:101,5,1,0
BRDA:102,6,0,0
BRDA:102,6,1,0
BRDA:120,7,0,0
BRDA:120,7,1,0
BRDA:124,8,0,0
BRDA:124,8,1,0
BRDA:156,9,0,0
BRDA:156,9,1,0
BRDA:165,10,0,0
BRDA:165,10,1,0
BRDA:171,11,0,0
BRDA:171,11,1,0
BRF:24
BRH:0
end_of_record
TN:
SF:src\pages\Checkout.tsx
FN:16,Checkout
FN:27,(anonymous_10)
FN:44,(anonymous_11)
FN:51,(anonymous_12)
FN:105,(anonymous_13)
FN:154,(anonymous_14)
FN:185,(anonymous_15)
FN:188,(anonymous_16)
FNF:8
FNH:0
FNDA:0,Checkout
FNDA:0,(anonymous_10)
FNDA:0,(anonymous_11)
FNDA:0,(anonymous_12)
FNDA:0,(anonymous_13)
FNDA:0,(anonymous_14)
FNDA:0,(anonymous_15)
FNDA:0,(anonymous_16)
DA:1,0
DA:2,0
DA:3,0
DA:4,0
DA:5,0
DA:6,0
DA:16,0
DA:17,0
DA:18,0
DA:19,0
DA:20,0
DA:22,0
DA:23,0
DA:24,0
DA:27,0
DA:28,0
DA:29,0
DA:33,0
DA:34,0
DA:37,0
DA:38,0
DA:39,0
DA:40,0
DA:41,0
DA:42,0
DA:44,0
DA:45,0
DA:46,0
DA:48,0
DA:49,0
DA:51,0
DA:60,0
DA:62,0
DA:63,0
DA:64,0
DA:71,0
DA:74,0
DA:76,0
DA:80,0
DA:105,0
DA:155,0
DA:186,0
DA:188,0
LF:43
LH:0
BRDA:28,0,0,0
BRDA:28,0,1,0
BRDA:28,1,0,0
BRDA:28,1,1,0
BRDA:33,2,0,0
BRDA:33,2,1,0
BRDA:38,3,0,0
BRDA:38,3,1,0
BRDA:62,4,0,0
BRDA:62,4,1,0
BRDA:71,5,0,0
BRDA:71,5,1,0
BRDA:74,6,0,0
BRDA:74,6,1,0
BRDA:135,7,0,0
BRDA:135,7,1,0
BRDA:192,8,0,0
BRDA:192,8,1,0
BRDA:193,9,0,0
BRDA:193,9,1,0
BRDA:194,10,0,0
BRDA:194,10,1,0
BRDA:243,11,0,0
BRDA:243,11,1,0
BRDA:263,12,0,0
BRDA:263,12,1,0
BRDA:268,13,0,0
BRDA:268,13,1,0
BRDA:273,14,0,0
BRDA:273,14,1,0
BRF:30
BRH:0
end_of_record
TN:
SF:src\pages\Home.tsx
FN:10,Home
FN:16,(anonymous_2)
FN:46,(anonymous_3)
FN:65,(anonymous_4)
FN:81,(anonymous_5)
FN:84,(anonymous_6)
FNF:6
FNH:0
FNDA:0,Home
FNDA:0,(anonymous_2)
FNDA:0,(anonymous_3)
FNDA:0,(anonymous_4)
FNDA:0,(anonymous_5)
FNDA:0,(anonymous_6)
DA:1,0
DA:2,0
DA:3,0
DA:4,0
DA:5,0
DA:6,0
DA:7,0
DA:8,0
DA:10,0
DA:11,0
DA:12,0
DA:13,0
DA:14,0
DA:16,0
DA:17,0
DA:18,0
DA:21,0
DA:27,0
DA:46,0
DA:65,0
DA:82,0
DA:84,0
LF:22
LH:0
BRDA:86,0,0,0
BRDA:86,0,1,0
BRDA:88,1,0,0
BRDA:88,1,1,0
BRDA:93,2,0,0
BRDA:93,2,1,0
BRDA:94,3,0,0
BRDA:94,3,1,0
BRDA:107,4,0,0
BRDA:107,4,1,0
BRDA:124,5,0,0
BRDA:124,5,1,0
BRDA:135,6,0,0
BRDA:135,6,1,0
BRDA:136,7,0,0
BRDA:136,7,1,0
BRDA:137,8,0,0
BRDA:137,8,1,0
BRDA:146,9,0,0
BRDA:146,9,1,0
BRF:20
BRH:0
end_of_record
TN:
SF:src\pages\Login.tsx
FN:6,Login
FN:14,(anonymous_1)
FN:70,(anonymous_2)
FN:91,(anonymous_3)
FNF:4
FNH:0
FNDA:0,Login
FNDA:0,(anonymous_1)
FNDA:0,(anonymous_2)
FNDA:0,(anonymous_3)
DA:1,0
DA:2,0
DA:3,0
DA:4,0
DA:6,0
DA:7,0
DA:8,0
DA:9,0
DA:10,0
DA:11,0
DA:12,0
DA:14,0
DA:15,0
DA:16,0
DA:17,0
DA:19,0
DA:20,0
DA:21,0
DA:22,0
DA:23,0
DA:25,0
DA:28,0
DA:30,0
DA:34,0
DA:70,0
DA:91,0
LF:26
LH:0
BRDA:21,0,0,0
BRDA:21,0,1,0
BRDA:25,1,0,0
BRDA:25,1,1,0
BRDA:28,2,0,0
BRDA:28,2,1,0
BRDA:105,3,0,0
BRDA:105,3,1,0
BRDA:124,4,0,0
BRDA:124,4,1,0
BRDA:130,5,0,0
BRDA:130,5,1,0
BRDA:134,6,0,0
BRDA:134,6,1,0
BRF:14
BRH:0
end_of_record
TN:
SF:src\pages\OrderConfirmation.tsx
FN:12,OrderConfirmation
FN:17,(anonymous_2)
FN:120,(anonymous_3)
FN:136,(anonymous_4)
FNF:4
FNH:0
FNDA:0,OrderConfirmation
FNDA:0,(anonymous_2)
FNDA:0,(anonymous_3)
FNDA:0,(anonymous_4)
DA:1,0
DA:2,0
DA:12,0
DA:13,0
DA:14,0
DA:15,0
DA:17,0
DA:18,0
DA:19,0
DA:23,0
DA:24,0
DA:27,0
DA:120,0
DA:137,0
DA:139,0
LF:15
LH:0
BRDA:15,0,0,0
BRDA:15,0,1,0
BRDA:18,1,0,0
BRDA:18,1,1,0
BRDA:23,2,0,0
BRDA:23,2,1,0
BRDA:73,3,0,0
BRDA:73,3,1,0
BRF:8
BRH:0
end_of_record
TN:
SF:src\pages\Orders.tsx
FN:23,Orders
FN:28,(anonymous_1)
FN:32,(anonymous_2)
FN:46,(anonymous_3)
FN:88,(anonymous_4)
FN:91,(anonymous_5)
FN:154,(anonymous_6)
FNF:7
FNH:0
FNDA:0,Orders
FNDA:0,(anonymous_1)
FNDA:0,(anonymous_2)
FNDA:0,(anonymous_3)
FNDA:0,(anonymous_4)
FNDA:0,(anonymous_5)
FNDA:0,(anonymous_6)
DA:1,0
DA:2,0
DA:23,0
DA:24,0
DA:25,0
DA:26,0
DA:28,0
DA:29,0
DA:32,0
DA:33,0
DA:34,0
DA:35,0
DA:36,0
DA:37,0
DA:40,0
DA:42,0
DA:46,0
DA:47,0
DA:48,0
DA:57,0
DA:89,0
DA:91,0
DA:155,0
LF:23
LH:0
BRDA:36,0,0,0
BRDA:36,0,1,0
BRDA:78,1,0,0
BRDA:78,1,1,0
BRDA:82,2,0,0
BRDA:82,2,1,0
BRDA:91,3,0,0
BRDA:91,3,1,0
BRDA:94,4,0,0
BRDA:94,4,1,0
BRDA:134,5,0,0
BRDA:134,5,1,0
BRDA:146,6,0,0
BRDA:146,6,1,0
BRDA:161,7,0,0
BRDA:161,7,1,0
BRDA:180,8,0,0
BRDA:180,8,1,0
BRF:18
BRH:0
end_of_record
